#
# A fatal error has been detected by the Java Runtime Environment:
#
#  EXCEPTION_ACCESS_VIOLATION (0xc0000005) at pc=0x00007ffc14a19c77, pid=4516, tid=18948
#
# JRE version: OpenJDK Runtime Environment Corretto-21.0.10.7.1 (21.0.10+7) (build 21.0.10+7-LTS)
# Java VM: OpenJDK 64-Bit Server VM Corretto-21.0.10.7.1 (21.0.10+7-LTS, mixed mode, sharing, tiered, compressed oops, compressed class ptrs, g1 gc, windows-amd64)
# Problematic frame:
# V  [jvm.dll+0x6a9c77]
#
# No core dump will be written. Minidumps are not enabled by default on client versions of Windows
#
# If you would like to submit a bug report, please visit:
#   https://github.com/corretto/corretto-21/issues/
#

---------------  S U M M A R Y ------------

Command Line: --add-opens=java.base/java.lang=ALL-UNNAMED --add-opens=java.base/java.lang.invoke=ALL-UNNAMED --add-opens=java.base/java.util=ALL-UNNAMED --add-opens=java.prefs/java.util.prefs=ALL-UNNAMED --add-exports=jdk.compiler/com.sun.tools.javac.api=ALL-UNNAMED --add-exports=jdk.compiler/com.sun.tools.javac.util=ALL-UNNAMED --add-opens=java.base/java.util=ALL-UNNAMED --add-opens=java.prefs/java.util.prefs=ALL-UNNAMED --add-opens=java.base/java.nio.charset=ALL-UNNAMED --add-opens=java.base/java.net=ALL-UNNAMED --add-opens=java.base/java.util.concurrent.atomic=ALL-UNNAMED --add-opens=java.xml/javax.xml.namespace=ALL-UNNAMED -XX:MaxMetaspaceSize=384m -XX:+HeapDumpOnOutOfMemoryError -Xms256m -Xmx512m -Dfile.encoding=UTF-8 -Duser.country=US -Duser.language=en -Duser.variant -javaagent:C:\Users\ashish.sharma_infobe\.gradle\wrapper\dists\gradle-8.14.4-bin\92wwslzcyst3phie3o264zltu\gradle-8.14.4\lib\agents\gradle-instrumentation-agent-8.14.4.jar org.gradle.launcher.daemon.bootstrap.GradleDaemon 8.14.4

Host: 11th Gen Intel(R) Core(TM) i7-1185G7 @ 3.00GHz, 8 cores, 31G,  Windows 11 , 64 bit Build 26100 (10.0.26100.7623)
Time: Thu Feb 19 18:24:15 2026 India Standard Time elapsed time: 6.668749 seconds (0d 0h 0m 6s)

---------------  T H R E A D  ---------------

Current thread (0x00000193803a5030):  JavaThread "C2 CompilerThread1" daemon [_thread_in_native, id=18948, stack(0x00000054b6500000,0x00000054b6600000) (1024K)]


Current CompileTask:
C2:6669 2707   !   4       java.lang.ClassLoader::loadClass (121 bytes)

Stack: [0x00000054b6500000,0x00000054b6600000],  sp=0x00000054b65fbc98,  free space=1007k
Native frames: (J=compiled Java code, j=interpreted, Vv=VM code, C=native code)
V  [jvm.dll+0x6a9c77]


siginfo: EXCEPTION_ACCESS_VIOLATION (0xc0000005), reading address 0xffffffffffffffff


Registers:
RAX=0x00000193811bedb0, RBX=0x00000193811bed70, RCX=0x5b582c6e11df5a87, RDX=0x0000000000000000
RSP=0x00000054b65fbc98, RBP=0x0000000000000002, RSI=0x00000054b65fbd70, RDI=0x00000054b65fc030
R8 =0x0000000000000100, R9 =0x0000000000000000, R10=0x0000000000000001, R11=0x00007ffca6e82911
R12=0x0000000000000001, R13=0x00000054b65fbd30, R14=0x00000193811bf758, R15=0x00000054b65fbd50
RIP=0x00007ffc14a19c77, EFLAGS=0x0000000000010202

XMM[0]=0x0000000000000000 0x0000000000000000
XMM[1]=0x0000019381f62708 0x0000019381f634e0
XMM[2]=0x0000019381eb5568 0x00000193821255f0
XMM[3]=0x00000193801e2b48 0x0000019381160ff8
XMM[4]=0x0000019381f9d8b8 0x00000193801def10
XMM[5]=0x000001938026fe08 0x00000193823c30c8
XMM[6]=0x0000000000000000 0x0000000000000000
XMM[7]=0x0000000000000000 0x0000000000000000
XMM[8]=0x0000000000000000 0x0000000000000000
XMM[9]=0x0000000000000000 0x0000000000000000
XMM[10]=0x0000000000000000 0x0000000000000000
XMM[11]=0x0000000000000000 0x0000000000000000
XMM[12]=0x0000000000000000 0x0000000000000000
XMM[13]=0x0000000000000000 0x0000000000000000
XMM[14]=0x0000000000000000 0x0000000000000000
XMM[15]=0x0000000000000000 0x0000000000000000
  MXCSR=0x00001fa0


Register to memory mapping:

RAX=0x00000193811bedb0 points into unknown readable memory: 0x5b582c6e11df5a87 | 87 5a df 11 6e 2c 58 5b
RBX=0x00000193811bed70 points into unknown readable memory: 0x00007ffc14cf23e8 | e8 23 cf 14 fc 7f 00 00
RCX=0x5b582c6e11df5a87 is an unknown value
RDX=0x0 is null
RSP=0x00000054b65fbc98 is pointing into the stack for thread: 0x00000193803a5030
RBP=0x0000000000000002 is an unknown value
RSI=0x00000054b65fbd70 is pointing into the stack for thread: 0x00000193803a5030
RDI=0x00000054b65fc030 is pointing into the stack for thread: 0x00000193803a5030
R8 =0x0000000000000100 is an unknown value
R9 =0x0 is null
R10=0x0000000000000001 is an unknown value
R11=0x00007ffca6e82911 VCRUNTIME140.dll
R12=0x0000000000000001 is an unknown value
R13=0x00000054b65fbd30 is pointing into the stack for thread: 0x00000193803a5030
R14=0x00000193811bf758 points into unknown readable memory: 0x00007ffc14d82eb0 | b0 2e d8 14 fc 7f 00 00
R15=0x00000054b65fbd50 is pointing into the stack for thread: 0x00000193803a5030

Top of Stack: (sp=0x00000054b65fbc98)
0x00000054b65fbc98:   00007ffc14976f83 00000054b65fbd70
0x00000054b65fbca8:   00000054b65fc030 00000193811c15e0
0x00000054b65fbcb8:   00007ffc14c15a5e 0000000000000000
0x00000054b65fbcc8:   0000000000000000 0000000000000001
0x00000054b65fbcd8:   00000054b65fbe00 00000193cbd9e9f0
0x00000054b65fbce8:   0000019381c15b00 00000054b65fc030
0x00000054b65fbcf8:   00007ffc149763c7 0000000000000000
0x00000054b65fbd08:   00000054b65fbd50 0000005400000002
0x00000054b65fbd18:   00000054b65fbd70 0000000000000000
0x00000054b65fbd28:   00007ffc14be974a 00000193811203d0
0x00000054b65fbd38:   0000019300000200 00000193829825a0
0x00000054b65fbd48:   00007ffc000000b1 0000000000000200
0x00000054b65fbd58:   0000019382981da0 0000000000000200
0x00000054b65fbd68:   00000193811203d0 00000193828271d0
0x00000054b65fbd78:   0000019382835c70 00000193828271b0
0x00000054b65fbd88:   00000193811203d0 00000193811203d0
0x00000054b65fbd98:   0000000000000004 0000019382a490c0
0x00000054b65fbda8:   0000019300000000 00007ffc143e7ce0
0x00000054b65fbdb8:   00007ffc14664e5c 0000000000001002
0x00000054b65fbdc8:   0000000000000000 00000000f90107ff
0x00000054b65fbdd8:   00007ffc14be97ee 0000019380049368
0x00000054b65fbde8:   00007ffc14be4ec1 0000000000000020
0x00000054b65fbdf8:   0000000000000070 0000000000000000
0x00000054b65fbe08:   00007ffc14be974a 0000000000000000
0x00000054b65fbe18:   00000193803ac770 0000019381dac8d8
0x00000054b65fbe28:   00007ffc14be4ce2 0000000000000000
0x00000054b65fbe38:   00007ffc14be9393 0000000000000000
0x00000054b65fbe48:   00000193c99c0000 0000000000000000
0x00000054b65fbe58:   0000000000000000 0000019382af1fa0
0x00000054b65fbe68:   00007ffcc8e7bc5f 00000193c99c0000
0x00000054b65fbe78:   0000019382af1fa0 0000000000000000
0x00000054b65fbe88:   0000019382af1f90 0000000000000000 

Instructions: (pc=0x00007ffc14a19c77)
0x00007ffc14a19b77:   cc cc cc cc cc cc cc cc cc 48 89 5c 24 08 48 89
0x00007ffc14a19b87:   74 24 10 57 48 83 ec 20 8b f2 48 8b d9 33 ff 48
0x00007ffc14a19b97:   8b cb e8 22 21 01 00 48 8b d8 48 85 c0 74 20 8b
0x00007ffc14a19ba7:   40 2c 48 8b cb 83 e0 1f 3c 1f 74 25 48 8b 03 ff
0x00007ffc14a19bb7:   10 3d 1d 01 00 00 75 07 ff c7 83 ff 0a 7c d0 33
0x00007ffc14a19bc7:   c0 48 8b 5c 24 30 48 8b 74 24 38 48 83 c4 20 5f
0x00007ffc14a19bd7:   c3 e8 c3 0a b3 ff 85 c0 74 e5 79 0a f7 d0 c1 f8
0x00007ffc14a19be7:   03 83 e0 1f eb 05 b8 09 00 00 00 3b c6 74 04 85
0x00007ffc14a19bf7:   f6 75 cc 48 8b 74 24 38 48 8b c3 48 8b 5c 24 30
0x00007ffc14a19c07:   48 83 c4 20 5f c3 cc cc cc 48 8b ca e9 78 f3 00
0x00007ffc14a19c17:   00 cc cc cc cc cc cc cc cc 48 8b 41 08 41 b8 01
0x00007ffc14a19c27:   00 00 00 44 2b 41 38 48 8b 08 48 8b 41 10 8b 49
0x00007ffc14a19c37:   20 4c 8d 0c c8 49 3b c1 73 1d 48 8b 10 8b 4a 2c
0x00007ffc14a19c47:   80 e1 0f 80 f9 08 75 06 44 39 42 38 74 0c 48 83
0x00007ffc14a19c57:   c0 08 49 3b c1 72 e3 33 c0 c3 48 8b c2 c3 cc cc
0x00007ffc14a19c67:   cc cc cc cc cc cc cc cc cc 48 8b 41 08 48 8b 08
0x00007ffc14a19c77:   48 8b 01 48 ff a0 b0 00 00 00 cc cc cc cc cc cc
0x00007ffc14a19c87:   cc cc cc cc cc cc cc cc cc 48 8b 41 10 8b 49 20
0x00007ffc14a19c97:   4c 8d 0c c8 49 3b c1 73 1e 4c 8b 00 41 8b 48 2c
0x00007ffc14a19ca7:   80 e1 0f 80 f9 08 75 06 41 39 50 38 74 0c 48 83
0x00007ffc14a19cb7:   c0 08 49 3b c1 72 e2 33 c0 c3 49 8b c0 c3 cc cc
0x00007ffc14a19cc7:   cc cc cc cc cc cc cc cc cc 4c 8b 49 10 8b 41 20
0x00007ffc14a19cd7:   4d 8d 14 c1 4d 3b ca 73 39 45 33 db 0f 1f 40 00
0x00007ffc14a19ce7:   66 0f 1f 84 00 00 00 00 00 49 8b 01 8b 48 2c 80
0x00007ffc14a19cf7:   e1 0f 80 f9 08 49 0f 45 c3 48 85 c0 74 0b 39 50
0x00007ffc14a19d07:   38 75 06 44 38 40 3c 74 0b 49 83 c1 08 4d 3b ca
0x00007ffc14a19d17:   72 d7 33 c0 c3 cc cc cc cc 48 83 ec 28 48 8b 05
0x00007ffc14a19d27:   b5 08 64 00 4c 8b c1 48 3b d0 74 6a 48 8b 05 6e
0x00007ffc14a19d37:   08 64 00 48 3b d0 74 5e 8b 49 38 48 8b 42 20 48
0x00007ffc14a19d47:   89 5c 24 20 48 8b 1c c8 83 f9 05 75 41 49 8b 40
0x00007ffc14a19d57:   08 48 8b 08 8b 41 2c 83 e0 1f 3c 1f 75 30 e8 d6
0x00007ffc14a19d67:   c0 b2 ff 84 c0 74 27 48 8b 15 23 06 64 00 41 b0 


Stack slot to memory mapping:

stack at sp + 0 slots: 0x00007ffc14976f83 jvm.dll
stack at sp + 1 slots: 0x00000054b65fbd70 is pointing into the stack for thread: 0x00000193803a5030
stack at sp + 2 slots: 0x00000054b65fc030 is pointing into the stack for thread: 0x00000193803a5030
stack at sp + 3 slots: 0x00000193811c15e0 points into unknown readable memory: 0x00007ffc14d66210 | 10 62 d6 14 fc 7f 00 00
stack at sp + 4 slots: 0x00007ffc14c15a5e jvm.dll
stack at sp + 5 slots: 0x0 is null
stack at sp + 6 slots: 0x0 is null
stack at sp + 7 slots: 0x0000000000000001 is an unknown value


---------------  P R O C E S S  ---------------

Threads class SMR info:
_java_thread_list=0x00000193819b8f00, length=25, elements={
0x00000193cbd9c550, 0x00000193800049b0, 0x00000193e6c7d9c0, 0x00000193800096e0,
0x000001938000a8e0, 0x000001938000d200, 0x0000019380011c60, 0x0000019380025360,
0x00000193800265a0, 0x000001938016ed90, 0x000001938038cea0, 0x0000019381a7c440,
0x0000019380cae530, 0x0000019381bac560, 0x0000019381ae3630, 0x0000019381ae4070,
0x0000019381bc2d10, 0x0000019381a8fdc0, 0x0000019381aa2e60, 0x0000019381aa1420,
0x0000019381aa4210, 0x00000193803a5030, 0x0000019381aa3b80, 0x0000019381aa1ab0,
0x0000019381aa2140
}

Java Threads: ( => current thread )
  0x00000193cbd9c550 JavaThread "main"                              [_thread_blocked, id=19208, stack(0x00000054b4400000,0x00000054b4500000) (1024K)]
  0x00000193800049b0 JavaThread "Reference Handler"          daemon [_thread_blocked, id=18548, stack(0x00000054b4c00000,0x00000054b4d00000) (1024K)]
  0x00000193e6c7d9c0 JavaThread "Finalizer"                  daemon [_thread_blocked, id=5736, stack(0x00000054b4d00000,0x00000054b4e00000) (1024K)]
  0x00000193800096e0 JavaThread "Signal Dispatcher"          daemon [_thread_blocked, id=18020, stack(0x00000054b4e00000,0x00000054b4f00000) (1024K)]
  0x000001938000a8e0 JavaThread "Attach Listener"            daemon [_thread_blocked, id=16536, stack(0x00000054b4f00000,0x00000054b5000000) (1024K)]
  0x000001938000d200 JavaThread "Service Thread"             daemon [_thread_blocked, id=3660, stack(0x00000054b5000000,0x00000054b5100000) (1024K)]
  0x0000019380011c60 JavaThread "Monitor Deflation Thread"   daemon [_thread_blocked, id=504, stack(0x00000054b5100000,0x00000054b5200000) (1024K)]
  0x0000019380025360 JavaThread "C2 CompilerThread0"         daemon [_thread_in_native, id=18700, stack(0x00000054b5200000,0x00000054b5300000) (1024K)]
  0x00000193800265a0 JavaThread "C1 CompilerThread0"         daemon [_thread_in_native, id=9524, stack(0x00000054b5300000,0x00000054b5400000) (1024K)]
  0x000001938016ed90 JavaThread "Common-Cleaner"             daemon [_thread_blocked, id=17060, stack(0x00000054b5400000,0x00000054b5500000) (1024K)]
  0x000001938038cea0 JavaThread "Notification Thread"        daemon [_thread_blocked, id=8328, stack(0x00000054b5500000,0x00000054b5600000) (1024K)]
  0x0000019381a7c440 JavaThread "Daemon health stats"               [_thread_blocked, id=18416, stack(0x00000054b5c00000,0x00000054b5d00000) (1024K)]
  0x0000019380cae530 JavaThread "Incoming local TCP Connector on port 51256"        [_thread_in_native, id=2784, stack(0x00000054b5600000,0x00000054b5700000) (1024K)]
  0x0000019381bac560 JavaThread "Daemon periodic checks"            [_thread_blocked, id=15512, stack(0x00000054b5e00000,0x00000054b5f00000) (1024K)]
  0x0000019381ae3630 JavaThread "Daemon"                            [_thread_blocked, id=18588, stack(0x00000054b5f00000,0x00000054b6000000) (1024K)]
  0x0000019381ae4070 JavaThread "Handler for socket connection from /127.0.0.1:51256 to /127.0.0.1:51257"        [_thread_in_native, id=19000, stack(0x00000054b6000000,0x00000054b6100000) (1024K)]
  0x0000019381bc2d10 JavaThread "Cancel handler"                    [_thread_blocked, id=336, stack(0x00000054b5d00000,0x00000054b5e00000) (1024K)]
  0x0000019381a8fdc0 JavaThread "Daemon worker"                     [_thread_in_Java, id=5436, stack(0x00000054b6100000,0x00000054b6200000) (1024K)]
  0x0000019381aa2e60 JavaThread "Asynchronous log dispatcher for DefaultDaemonConnection: socket connection from /127.0.0.1:51256 to /127.0.0.1:51257"        [_thread_blocked, id=18016, stack(0x00000054b6200000,0x00000054b6300000) (1024K)]
  0x0000019381aa1420 JavaThread "Stdin handler"                     [_thread_blocked, id=17560, stack(0x00000054b6300000,0x00000054b6400000) (1024K)]
  0x0000019381aa4210 JavaThread "Daemon client event forwarder"        [_thread_blocked, id=9160, stack(0x00000054b6400000,0x00000054b6500000) (1024K)]
=>0x00000193803a5030 JavaThread "C2 CompilerThread1"         daemon [_thread_in_native, id=18948, stack(0x00000054b6500000,0x00000054b6600000) (1024K)]
  0x0000019381aa3b80 JavaThread "Cache worker for journal cache (C:\Users\ashish.sharma_infobe\.gradle\caches\journal-1)"        [_thread_blocked, id=18740, stack(0x00000054b6600000,0x00000054b6700000) (1024K)]
  0x0000019381aa1ab0 JavaThread "File lock request listener"        [_thread_in_native, id=17040, stack(0x00000054b6700000,0x00000054b6800000) (1024K)]
  0x0000019381aa2140 JavaThread "Cache worker for file hash cache (C:\Users\ashish.sharma_infobe\.gradle\caches\8.14.4\fileHashes)"        [_thread_blocked, id=19308, stack(0x00000054b6800000,0x00000054b6900000) (1024K)]
Total: 25

Other Threads:
  0x00000193e6c63330 VMThread "VM Thread"                           [id=18552, stack(0x00000054b4b00000,0x00000054b4c00000) (1024K)]
  0x00000193e6c546b0 WatcherThread "VM Periodic Task Thread"        [id=15020, stack(0x00000054b4a00000,0x00000054b4b00000) (1024K)]
  0x00000193cbdc8c30 WorkerThread "GC Thread#0"                     [id=15148, stack(0x00000054b4500000,0x00000054b4600000) (1024K)]
  0x0000019380258cb0 WorkerThread "GC Thread#1"                     [id=1680, stack(0x00000054b5700000,0x00000054b5800000) (1024K)]
  0x00000193802d2c00 WorkerThread "GC Thread#2"                     [id=15492, stack(0x00000054b5800000,0x00000054b5900000) (1024K)]
  0x00000193802d4fc0 WorkerThread "GC Thread#3"                     [id=4476, stack(0x00000054b5900000,0x00000054b5a00000) (1024K)]
  0x00000193802d5370 WorkerThread "GC Thread#4"                     [id=17504, stack(0x00000054b5a00000,0x00000054b5b00000) (1024K)]
  0x00000193802d5720 WorkerThread "GC Thread#5"                     [id=1280, stack(0x00000054b5b00000,0x00000054b5c00000) (1024K)]
  0x00000193cbddd9b0 ConcurrentGCThread "G1 Main Marker"            [id=15720, stack(0x00000054b4600000,0x00000054b4700000) (1024K)]
  0x00000193cbddeb70 WorkerThread "G1 Conc#0"                       [id=11436, stack(0x00000054b4700000,0x00000054b4800000) (1024K)]
  0x00000193e6b27210 ConcurrentGCThread "G1 Refine#0"               [id=15704, stack(0x00000054b4800000,0x00000054b4900000) (1024K)]
  0x00000193e6b28a50 ConcurrentGCThread "G1 Service"                [id=10992, stack(0x00000054b4900000,0x00000054b4a00000) (1024K)]
Total: 12

Threads with active compile tasks:
C2 CompilerThread0  6786 2742       4       java.lang.invoke.MethodType::makeImpl (109 bytes)
C2 CompilerThread1  6786 2707   !   4       java.lang.ClassLoader::loadClass (121 bytes)
Total: 2

VM state: not at safepoint (normal execution)

VM Mutex/Monitor currently owned by a thread: None

Heap address: 0x00000000e0000000, size: 512 MB, Compressed Oops mode: 32-bit

CDS archive(s) mapped at: [0x00000193e7000000-0x00000193e7c80000-0x00000193e7c80000), size 13107200, SharedBaseAddress: 0x00000193e7000000, ArchiveRelocationMode: 1.
Compressed class space mapped at: 0x00000193e8000000-0x00000193fc000000, reserved size: 335544320
Narrow klass base: 0x00000193e7000000, Narrow klass shift: 0, Narrow klass range: 0x100000000

GC Precious Log:
 CardTable entry size: 512
 Card Set container configuration: InlinePtr #cards 5 size 8 Array Of Cards #cards 12 size 40 Howl #buckets 4 coarsen threshold 1843 Howl Bitmap #cards 512 size 80 coarsen threshold 460 Card regions per heap region 1 cards per card region 2048
 CPUs: 8 total, 8 available
 Memory: 32448M
 Large Page Support: Disabled
 NUMA Support: Disabled
 Compressed Oops: Enabled (32-bit)
 Heap Region Size: 1M
 Heap Min Capacity: 256M
 Heap Initial Capacity: 256M
 Heap Max Capacity: 512M
 Pre-touch: Disabled
 Parallel Workers: 8
 Concurrent Workers: 2
 Concurrent Refinement Workers: 8
 Periodic GC: Disabled

Heap:
 garbage-first heap   total 262144K, used 122354K [0x00000000e0000000, 0x0000000100000000)
  region size 1024K, 113 young (115712K), 5 survivors (5120K)
 Metaspace       used 16301K, committed 16832K, reserved 393216K
  class space    used 2253K, committed 2496K, reserved 327680K

Heap Regions: E=young(eden), S=young(survivor), O=old, HS=humongous(starts), HC=humongous(continues), CS=collection set, F=free, TAMS=top-at-mark-start, PB=parsable bottom
|   0|0x00000000e0000000, 0x00000000e0100000, 0x00000000e0100000|100%|HS|  |TAMS 0x00000000e0000000| PB 0x00000000e0000000| Complete 
|   1|0x00000000e0100000, 0x00000000e0200000, 0x00000000e0200000|100%|HC|  |TAMS 0x00000000e0100000| PB 0x00000000e0100000| Complete 
|   2|0x00000000e0200000, 0x00000000e0300000, 0x00000000e0300000|100%|HC|  |TAMS 0x00000000e0200000| PB 0x00000000e0200000| Complete 
|   3|0x00000000e0300000, 0x00000000e0400000, 0x00000000e0400000|100%| O|  |TAMS 0x00000000e0300000| PB 0x00000000e0300000| Untracked 
|   4|0x00000000e0400000, 0x00000000e0500000, 0x00000000e0500000|100%| O|  |TAMS 0x00000000e0400000| PB 0x00000000e0400000| Untracked 
|   5|0x00000000e0500000, 0x00000000e057c840, 0x00000000e0600000| 48%| O|  |TAMS 0x00000000e0500000| PB 0x00000000e0500000| Untracked 
|   6|0x00000000e0600000, 0x00000000e0700000, 0x00000000e0700000|100%|HS|  |TAMS 0x00000000e0600000| PB 0x00000000e0600000| Complete 
|   7|0x00000000e0700000, 0x00000000e0800000, 0x00000000e0800000|100%|HS|  |TAMS 0x00000000e0700000| PB 0x00000000e0700000| Complete 
|   8|0x00000000e0800000, 0x00000000e0800000, 0x00000000e0900000|  0%| F|  |TAMS 0x00000000e0800000| PB 0x00000000e0800000| Untracked 
|   9|0x00000000e0900000, 0x00000000e0900000, 0x00000000e0a00000|  0%| F|  |TAMS 0x00000000e0900000| PB 0x00000000e0900000| Untracked 
|  10|0x00000000e0a00000, 0x00000000e0a00000, 0x00000000e0b00000|  0%| F|  |TAMS 0x00000000e0a00000| PB 0x00000000e0a00000| Untracked 
|  11|0x00000000e0b00000, 0x00000000e0b00000, 0x00000000e0c00000|  0%| F|  |TAMS 0x00000000e0b00000| PB 0x00000000e0b00000| Untracked 
|  12|0x00000000e0c00000, 0x00000000e0c00000, 0x00000000e0d00000|  0%| F|  |TAMS 0x00000000e0c00000| PB 0x00000000e0c00000| Untracked 
|  13|0x00000000e0d00000, 0x00000000e0d00000, 0x00000000e0e00000|  0%| F|  |TAMS 0x00000000e0d00000| PB 0x00000000e0d00000| Untracked 
|  14|0x00000000e0e00000, 0x00000000e0e00000, 0x00000000e0f00000|  0%| F|  |TAMS 0x00000000e0e00000| PB 0x00000000e0e00000| Untracked 
|  15|0x00000000e0f00000, 0x00000000e0f00000, 0x00000000e1000000|  0%| F|  |TAMS 0x00000000e0f00000| PB 0x00000000e0f00000| Untracked 
|  16|0x00000000e1000000, 0x00000000e1000000, 0x00000000e1100000|  0%| F|  |TAMS 0x00000000e1000000| PB 0x00000000e1000000| Untracked 
|  17|0x00000000e1100000, 0x00000000e1100000, 0x00000000e1200000|  0%| F|  |TAMS 0x00000000e1100000| PB 0x00000000e1100000| Untracked 
|  18|0x00000000e1200000, 0x00000000e1200000, 0x00000000e1300000|  0%| F|  |TAMS 0x00000000e1200000| PB 0x00000000e1200000| Untracked 
|  19|0x00000000e1300000, 0x00000000e1300000, 0x00000000e1400000|  0%| F|  |TAMS 0x00000000e1300000| PB 0x00000000e1300000| Untracked 
|  20|0x00000000e1400000, 0x00000000e1400000, 0x00000000e1500000|  0%| F|  |TAMS 0x00000000e1400000| PB 0x00000000e1400000| Untracked 
|  21|0x00000000e1500000, 0x00000000e1500000, 0x00000000e1600000|  0%| F|  |TAMS 0x00000000e1500000| PB 0x00000000e1500000| Untracked 
|  22|0x00000000e1600000, 0x00000000e1600000, 0x00000000e1700000|  0%| F|  |TAMS 0x00000000e1600000| PB 0x00000000e1600000| Untracked 
|  23|0x00000000e1700000, 0x00000000e1700000, 0x00000000e1800000|  0%| F|  |TAMS 0x00000000e1700000| PB 0x00000000e1700000| Untracked 
|  24|0x00000000e1800000, 0x00000000e1800000, 0x00000000e1900000|  0%| F|  |TAMS 0x00000000e1800000| PB 0x00000000e1800000| Untracked 
|  25|0x00000000e1900000, 0x00000000e1900000, 0x00000000e1a00000|  0%| F|  |TAMS 0x00000000e1900000| PB 0x00000000e1900000| Untracked 
|  26|0x00000000e1a00000, 0x00000000e1a00000, 0x00000000e1b00000|  0%| F|  |TAMS 0x00000000e1a00000| PB 0x00000000e1a00000| Untracked 
|  27|0x00000000e1b00000, 0x00000000e1b00000, 0x00000000e1c00000|  0%| F|  |TAMS 0x00000000e1b00000| PB 0x00000000e1b00000| Untracked 
|  28|0x00000000e1c00000, 0x00000000e1c00000, 0x00000000e1d00000|  0%| F|  |TAMS 0x00000000e1c00000| PB 0x00000000e1c00000| Untracked 
|  29|0x00000000e1d00000, 0x00000000e1d00000, 0x00000000e1e00000|  0%| F|  |TAMS 0x00000000e1d00000| PB 0x00000000e1d00000| Untracked 
|  30|0x00000000e1e00000, 0x00000000e1e00000, 0x00000000e1f00000|  0%| F|  |TAMS 0x00000000e1e00000| PB 0x00000000e1e00000| Untracked 
|  31|0x00000000e1f00000, 0x00000000e1f00000, 0x00000000e2000000|  0%| F|  |TAMS 0x00000000e1f00000| PB 0x00000000e1f00000| Untracked 
|  32|0x00000000e2000000, 0x00000000e2000000, 0x00000000e2100000|  0%| F|  |TAMS 0x00000000e2000000| PB 0x00000000e2000000| Untracked 
|  33|0x00000000e2100000, 0x00000000e2100000, 0x00000000e2200000|  0%| F|  |TAMS 0x00000000e2100000| PB 0x00000000e2100000| Untracked 
|  34|0x00000000e2200000, 0x00000000e2200000, 0x00000000e2300000|  0%| F|  |TAMS 0x00000000e2200000| PB 0x00000000e2200000| Untracked 
|  35|0x00000000e2300000, 0x00000000e2300000, 0x00000000e2400000|  0%| F|  |TAMS 0x00000000e2300000| PB 0x00000000e2300000| Untracked 
|  36|0x00000000e2400000, 0x00000000e2400000, 0x00000000e2500000|  0%| F|  |TAMS 0x00000000e2400000| PB 0x00000000e2400000| Untracked 
|  37|0x00000000e2500000, 0x00000000e2500000, 0x00000000e2600000|  0%| F|  |TAMS 0x00000000e2500000| PB 0x00000000e2500000| Untracked 
|  38|0x00000000e2600000, 0x00000000e2600000, 0x00000000e2700000|  0%| F|  |TAMS 0x00000000e2600000| PB 0x00000000e2600000| Untracked 
|  39|0x00000000e2700000, 0x00000000e2700000, 0x00000000e2800000|  0%| F|  |TAMS 0x00000000e2700000| PB 0x00000000e2700000| Untracked 
|  40|0x00000000e2800000, 0x00000000e2800000, 0x00000000e2900000|  0%| F|  |TAMS 0x00000000e2800000| PB 0x00000000e2800000| Untracked 
|  41|0x00000000e2900000, 0x00000000e2900000, 0x00000000e2a00000|  0%| F|  |TAMS 0x00000000e2900000| PB 0x00000000e2900000| Untracked 
|  42|0x00000000e2a00000, 0x00000000e2a00000, 0x00000000e2b00000|  0%| F|  |TAMS 0x00000000e2a00000| PB 0x00000000e2a00000| Untracked 
|  43|0x00000000e2b00000, 0x00000000e2b00000, 0x00000000e2c00000|  0%| F|  |TAMS 0x00000000e2b00000| PB 0x00000000e2b00000| Untracked 
|  44|0x00000000e2c00000, 0x00000000e2c00000, 0x00000000e2d00000|  0%| F|  |TAMS 0x00000000e2c00000| PB 0x00000000e2c00000| Untracked 
|  45|0x00000000e2d00000, 0x00000000e2d00000, 0x00000000e2e00000|  0%| F|  |TAMS 0x00000000e2d00000| PB 0x00000000e2d00000| Untracked 
|  46|0x00000000e2e00000, 0x00000000e2e00000, 0x00000000e2f00000|  0%| F|  |TAMS 0x00000000e2e00000| PB 0x00000000e2e00000| Untracked 
|  47|0x00000000e2f00000, 0x00000000e2f00000, 0x00000000e3000000|  0%| F|  |TAMS 0x00000000e2f00000| PB 0x00000000e2f00000| Untracked 
|  48|0x00000000e3000000, 0x00000000e3000000, 0x00000000e3100000|  0%| F|  |TAMS 0x00000000e3000000| PB 0x00000000e3000000| Untracked 
|  49|0x00000000e3100000, 0x00000000e3100000, 0x00000000e3200000|  0%| F|  |TAMS 0x00000000e3100000| PB 0x00000000e3100000| Untracked 
|  50|0x00000000e3200000, 0x00000000e3200000, 0x00000000e3300000|  0%| F|  |TAMS 0x00000000e3200000| PB 0x00000000e3200000| Untracked 
|  51|0x00000000e3300000, 0x00000000e3300000, 0x00000000e3400000|  0%| F|  |TAMS 0x00000000e3300000| PB 0x00000000e3300000| Untracked 
|  52|0x00000000e3400000, 0x00000000e3400000, 0x00000000e3500000|  0%| F|  |TAMS 0x00000000e3400000| PB 0x00000000e3400000| Untracked 
|  53|0x00000000e3500000, 0x00000000e3500000, 0x00000000e3600000|  0%| F|  |TAMS 0x00000000e3500000| PB 0x00000000e3500000| Untracked 
|  54|0x00000000e3600000, 0x00000000e3600000, 0x00000000e3700000|  0%| F|  |TAMS 0x00000000e3600000| PB 0x00000000e3600000| Untracked 
|  55|0x00000000e3700000, 0x00000000e3700000, 0x00000000e3800000|  0%| F|  |TAMS 0x00000000e3700000| PB 0x00000000e3700000| Untracked 
|  56|0x00000000e3800000, 0x00000000e3800000, 0x00000000e3900000|  0%| F|  |TAMS 0x00000000e3800000| PB 0x00000000e3800000| Untracked 
|  57|0x00000000e3900000, 0x00000000e3900000, 0x00000000e3a00000|  0%| F|  |TAMS 0x00000000e3900000| PB 0x00000000e3900000| Untracked 
|  58|0x00000000e3a00000, 0x00000000e3a00000, 0x00000000e3b00000|  0%| F|  |TAMS 0x00000000e3a00000| PB 0x00000000e3a00000| Untracked 
|  59|0x00000000e3b00000, 0x00000000e3b00000, 0x00000000e3c00000|  0%| F|  |TAMS 0x00000000e3b00000| PB 0x00000000e3b00000| Untracked 
|  60|0x00000000e3c00000, 0x00000000e3c00000, 0x00000000e3d00000|  0%| F|  |TAMS 0x00000000e3c00000| PB 0x00000000e3c00000| Untracked 
|  61|0x00000000e3d00000, 0x00000000e3d00000, 0x00000000e3e00000|  0%| F|  |TAMS 0x00000000e3d00000| PB 0x00000000e3d00000| Untracked 
|  62|0x00000000e3e00000, 0x00000000e3e00000, 0x00000000e3f00000|  0%| F|  |TAMS 0x00000000e3e00000| PB 0x00000000e3e00000| Untracked 
|  63|0x00000000e3f00000, 0x00000000e3f00000, 0x00000000e4000000|  0%| F|  |TAMS 0x00000000e3f00000| PB 0x00000000e3f00000| Untracked 
|  64|0x00000000e4000000, 0x00000000e4000000, 0x00000000e4100000|  0%| F|  |TAMS 0x00000000e4000000| PB 0x00000000e4000000| Untracked 
|  65|0x00000000e4100000, 0x00000000e4100000, 0x00000000e4200000|  0%| F|  |TAMS 0x00000000e4100000| PB 0x00000000e4100000| Untracked 
|  66|0x00000000e4200000, 0x00000000e4200000, 0x00000000e4300000|  0%| F|  |TAMS 0x00000000e4200000| PB 0x00000000e4200000| Untracked 
|  67|0x00000000e4300000, 0x00000000e4300000, 0x00000000e4400000|  0%| F|  |TAMS 0x00000000e4300000| PB 0x00000000e4300000| Untracked 
|  68|0x00000000e4400000, 0x00000000e4400000, 0x00000000e4500000|  0%| F|  |TAMS 0x00000000e4400000| PB 0x00000000e4400000| Untracked 
|  69|0x00000000e4500000, 0x00000000e4500000, 0x00000000e4600000|  0%| F|  |TAMS 0x00000000e4500000| PB 0x00000000e4500000| Untracked 
|  70|0x00000000e4600000, 0x00000000e4600000, 0x00000000e4700000|  0%| F|  |TAMS 0x00000000e4600000| PB 0x00000000e4600000| Untracked 
|  71|0x00000000e4700000, 0x00000000e4700000, 0x00000000e4800000|  0%| F|  |TAMS 0x00000000e4700000| PB 0x00000000e4700000| Untracked 
|  72|0x00000000e4800000, 0x00000000e4800000, 0x00000000e4900000|  0%| F|  |TAMS 0x00000000e4800000| PB 0x00000000e4800000| Untracked 
|  73|0x00000000e4900000, 0x00000000e4900000, 0x00000000e4a00000|  0%| F|  |TAMS 0x00000000e4900000| PB 0x00000000e4900000| Untracked 
|  74|0x00000000e4a00000, 0x00000000e4a00000, 0x00000000e4b00000|  0%| F|  |TAMS 0x00000000e4a00000| PB 0x00000000e4a00000| Untracked 
|  75|0x00000000e4b00000, 0x00000000e4b00000, 0x00000000e4c00000|  0%| F|  |TAMS 0x00000000e4b00000| PB 0x00000000e4b00000| Untracked 
|  76|0x00000000e4c00000, 0x00000000e4c00000, 0x00000000e4d00000|  0%| F|  |TAMS 0x00000000e4c00000| PB 0x00000000e4c00000| Untracked 
|  77|0x00000000e4d00000, 0x00000000e4d00000, 0x00000000e4e00000|  0%| F|  |TAMS 0x00000000e4d00000| PB 0x00000000e4d00000| Untracked 
|  78|0x00000000e4e00000, 0x00000000e4e00000, 0x00000000e4f00000|  0%| F|  |TAMS 0x00000000e4e00000| PB 0x00000000e4e00000| Untracked 
|  79|0x00000000e4f00000, 0x00000000e4f00000, 0x00000000e5000000|  0%| F|  |TAMS 0x00000000e4f00000| PB 0x00000000e4f00000| Untracked 
|  80|0x00000000e5000000, 0x00000000e5000000, 0x00000000e5100000|  0%| F|  |TAMS 0x00000000e5000000| PB 0x00000000e5000000| Untracked 
|  81|0x00000000e5100000, 0x00000000e5100000, 0x00000000e5200000|  0%| F|  |TAMS 0x00000000e5100000| PB 0x00000000e5100000| Untracked 
|  82|0x00000000e5200000, 0x00000000e5200000, 0x00000000e5300000|  0%| F|  |TAMS 0x00000000e5200000| PB 0x00000000e5200000| Untracked 
|  83|0x00000000e5300000, 0x00000000e5300000, 0x00000000e5400000|  0%| F|  |TAMS 0x00000000e5300000| PB 0x00000000e5300000| Untracked 
|  84|0x00000000e5400000, 0x00000000e5400000, 0x00000000e5500000|  0%| F|  |TAMS 0x00000000e5400000| PB 0x00000000e5400000| Untracked 
|  85|0x00000000e5500000, 0x00000000e5500000, 0x00000000e5600000|  0%| F|  |TAMS 0x00000000e5500000| PB 0x00000000e5500000| Untracked 
|  86|0x00000000e5600000, 0x00000000e5600000, 0x00000000e5700000|  0%| F|  |TAMS 0x00000000e5600000| PB 0x00000000e5600000| Untracked 
|  87|0x00000000e5700000, 0x00000000e5700000, 0x00000000e5800000|  0%| F|  |TAMS 0x00000000e5700000| PB 0x00000000e5700000| Untracked 
|  88|0x00000000e5800000, 0x00000000e5800000, 0x00000000e5900000|  0%| F|  |TAMS 0x00000000e5800000| PB 0x00000000e5800000| Untracked 
|  89|0x00000000e5900000, 0x00000000e5900000, 0x00000000e5a00000|  0%| F|  |TAMS 0x00000000e5900000| PB 0x00000000e5900000| Untracked 
|  90|0x00000000e5a00000, 0x00000000e5a00000, 0x00000000e5b00000|  0%| F|  |TAMS 0x00000000e5a00000| PB 0x00000000e5a00000| Untracked 
|  91|0x00000000e5b00000, 0x00000000e5b00000, 0x00000000e5c00000|  0%| F|  |TAMS 0x00000000e5b00000| PB 0x00000000e5b00000| Untracked 
|  92|0x00000000e5c00000, 0x00000000e5c00000, 0x00000000e5d00000|  0%| F|  |TAMS 0x00000000e5c00000| PB 0x00000000e5c00000| Untracked 
|  93|0x00000000e5d00000, 0x00000000e5d00000, 0x00000000e5e00000|  0%| F|  |TAMS 0x00000000e5d00000| PB 0x00000000e5d00000| Untracked 
|  94|0x00000000e5e00000, 0x00000000e5e00000, 0x00000000e5f00000|  0%| F|  |TAMS 0x00000000e5e00000| PB 0x00000000e5e00000| Untracked 
|  95|0x00000000e5f00000, 0x00000000e5f00000, 0x00000000e6000000|  0%| F|  |TAMS 0x00000000e5f00000| PB 0x00000000e5f00000| Untracked 
|  96|0x00000000e6000000, 0x00000000e6000000, 0x00000000e6100000|  0%| F|  |TAMS 0x00000000e6000000| PB 0x00000000e6000000| Untracked 
|  97|0x00000000e6100000, 0x00000000e6100000, 0x00000000e6200000|  0%| F|  |TAMS 0x00000000e6100000| PB 0x00000000e6100000| Untracked 
|  98|0x00000000e6200000, 0x00000000e6200000, 0x00000000e6300000|  0%| F|  |TAMS 0x00000000e6200000| PB 0x00000000e6200000| Untracked 
|  99|0x00000000e6300000, 0x00000000e6300000, 0x00000000e6400000|  0%| F|  |TAMS 0x00000000e6300000| PB 0x00000000e6300000| Untracked 
| 100|0x00000000e6400000, 0x00000000e6400000, 0x00000000e6500000|  0%| F|  |TAMS 0x00000000e6400000| PB 0x00000000e6400000| Untracked 
| 101|0x00000000e6500000, 0x00000000e6500000, 0x00000000e6600000|  0%| F|  |TAMS 0x00000000e6500000| PB 0x00000000e6500000| Untracked 
| 102|0x00000000e6600000, 0x00000000e6600000, 0x00000000e6700000|  0%| F|  |TAMS 0x00000000e6600000| PB 0x00000000e6600000| Untracked 
| 103|0x00000000e6700000, 0x00000000e6700000, 0x00000000e6800000|  0%| F|  |TAMS 0x00000000e6700000| PB 0x00000000e6700000| Untracked 
| 104|0x00000000e6800000, 0x00000000e6800000, 0x00000000e6900000|  0%| F|  |TAMS 0x00000000e6800000| PB 0x00000000e6800000| Untracked 
| 105|0x00000000e6900000, 0x00000000e6900000, 0x00000000e6a00000|  0%| F|  |TAMS 0x00000000e6900000| PB 0x00000000e6900000| Untracked 
| 106|0x00000000e6a00000, 0x00000000e6a00000, 0x00000000e6b00000|  0%| F|  |TAMS 0x00000000e6a00000| PB 0x00000000e6a00000| Untracked 
| 107|0x00000000e6b00000, 0x00000000e6b00000, 0x00000000e6c00000|  0%| F|  |TAMS 0x00000000e6b00000| PB 0x00000000e6b00000| Untracked 
| 108|0x00000000e6c00000, 0x00000000e6c00000, 0x00000000e6d00000|  0%| F|  |TAMS 0x00000000e6c00000| PB 0x00000000e6c00000| Untracked 
| 109|0x00000000e6d00000, 0x00000000e6d00000, 0x00000000e6e00000|  0%| F|  |TAMS 0x00000000e6d00000| PB 0x00000000e6d00000| Untracked 
| 110|0x00000000e6e00000, 0x00000000e6e00000, 0x00000000e6f00000|  0%| F|  |TAMS 0x00000000e6e00000| PB 0x00000000e6e00000| Untracked 
| 111|0x00000000e6f00000, 0x00000000e6f00000, 0x00000000e7000000|  0%| F|  |TAMS 0x00000000e6f00000| PB 0x00000000e6f00000| Untracked 
| 112|0x00000000e7000000, 0x00000000e7000000, 0x00000000e7100000|  0%| F|  |TAMS 0x00000000e7000000| PB 0x00000000e7000000| Untracked 
| 113|0x00000000e7100000, 0x00000000e7100000, 0x00000000e7200000|  0%| F|  |TAMS 0x00000000e7100000| PB 0x00000000e7100000| Untracked 
| 114|0x00000000e7200000, 0x00000000e7200000, 0x00000000e7300000|  0%| F|  |TAMS 0x00000000e7200000| PB 0x00000000e7200000| Untracked 
| 115|0x00000000e7300000, 0x00000000e7300000, 0x00000000e7400000|  0%| F|  |TAMS 0x00000000e7300000| PB 0x00000000e7300000| Untracked 
| 116|0x00000000e7400000, 0x00000000e7400000, 0x00000000e7500000|  0%| F|  |TAMS 0x00000000e7400000| PB 0x00000000e7400000| Untracked 
| 117|0x00000000e7500000, 0x00000000e7500000, 0x00000000e7600000|  0%| F|  |TAMS 0x00000000e7500000| PB 0x00000000e7500000| Untracked 
| 118|0x00000000e7600000, 0x00000000e7600000, 0x00000000e7700000|  0%| F|  |TAMS 0x00000000e7600000| PB 0x00000000e7600000| Untracked 
| 119|0x00000000e7700000, 0x00000000e7700000, 0x00000000e7800000|  0%| F|  |TAMS 0x00000000e7700000| PB 0x00000000e7700000| Untracked 
| 120|0x00000000e7800000, 0x00000000e7800000, 0x00000000e7900000|  0%| F|  |TAMS 0x00000000e7800000| PB 0x00000000e7800000| Untracked 
| 121|0x00000000e7900000, 0x00000000e7900000, 0x00000000e7a00000|  0%| F|  |TAMS 0x00000000e7900000| PB 0x00000000e7900000| Untracked 
| 122|0x00000000e7a00000, 0x00000000e7a00000, 0x00000000e7b00000|  0%| F|  |TAMS 0x00000000e7a00000| PB 0x00000000e7a00000| Untracked 
| 123|0x00000000e7b00000, 0x00000000e7b00000, 0x00000000e7c00000|  0%| F|  |TAMS 0x00000000e7b00000| PB 0x00000000e7b00000| Untracked 
| 124|0x00000000e7c00000, 0x00000000e7c00000, 0x00000000e7d00000|  0%| F|  |TAMS 0x00000000e7c00000| PB 0x00000000e7c00000| Untracked 
| 125|0x00000000e7d00000, 0x00000000e7d00000, 0x00000000e7e00000|  0%| F|  |TAMS 0x00000000e7d00000| PB 0x00000000e7d00000| Untracked 
| 126|0x00000000e7e00000, 0x00000000e7e00000, 0x00000000e7f00000|  0%| F|  |TAMS 0x00000000e7e00000| PB 0x00000000e7e00000| Untracked 
| 127|0x00000000e7f00000, 0x00000000e7f00000, 0x00000000e8000000|  0%| F|  |TAMS 0x00000000e7f00000| PB 0x00000000e7f00000| Untracked 
| 128|0x00000000e8000000, 0x00000000e8000000, 0x00000000e8100000|  0%| F|  |TAMS 0x00000000e8000000| PB 0x00000000e8000000| Untracked 
| 129|0x00000000e8100000, 0x00000000e8100000, 0x00000000e8200000|  0%| F|  |TAMS 0x00000000e8100000| PB 0x00000000e8100000| Untracked 
| 130|0x00000000e8200000, 0x00000000e8200000, 0x00000000e8300000|  0%| F|  |TAMS 0x00000000e8200000| PB 0x00000000e8200000| Untracked 
| 131|0x00000000e8300000, 0x00000000e8300000, 0x00000000e8400000|  0%| F|  |TAMS 0x00000000e8300000| PB 0x00000000e8300000| Untracked 
| 132|0x00000000e8400000, 0x00000000e8400000, 0x00000000e8500000|  0%| F|  |TAMS 0x00000000e8400000| PB 0x00000000e8400000| Untracked 
| 133|0x00000000e8500000, 0x00000000e8500000, 0x00000000e8600000|  0%| F|  |TAMS 0x00000000e8500000| PB 0x00000000e8500000| Untracked 
| 134|0x00000000e8600000, 0x00000000e8600000, 0x00000000e8700000|  0%| F|  |TAMS 0x00000000e8600000| PB 0x00000000e8600000| Untracked 
| 135|0x00000000e8700000, 0x00000000e8700000, 0x00000000e8800000|  0%| F|  |TAMS 0x00000000e8700000| PB 0x00000000e8700000| Untracked 
| 136|0x00000000e8800000, 0x00000000e8800000, 0x00000000e8900000|  0%| F|  |TAMS 0x00000000e8800000| PB 0x00000000e8800000| Untracked 
| 137|0x00000000e8900000, 0x00000000e8900000, 0x00000000e8a00000|  0%| F|  |TAMS 0x00000000e8900000| PB 0x00000000e8900000| Untracked 
| 138|0x00000000e8a00000, 0x00000000e8a00000, 0x00000000e8b00000|  0%| F|  |TAMS 0x00000000e8a00000| PB 0x00000000e8a00000| Untracked 
| 139|0x00000000e8b00000, 0x00000000e8b00000, 0x00000000e8c00000|  0%| F|  |TAMS 0x00000000e8b00000| PB 0x00000000e8b00000| Untracked 
| 140|0x00000000e8c00000, 0x00000000e8c00000, 0x00000000e8d00000|  0%| F|  |TAMS 0x00000000e8c00000| PB 0x00000000e8c00000| Untracked 
| 141|0x00000000e8d00000, 0x00000000e8d00000, 0x00000000e8e00000|  0%| F|  |TAMS 0x00000000e8d00000| PB 0x00000000e8d00000| Untracked 
| 142|0x00000000e8e00000, 0x00000000e8e80000, 0x00000000e8f00000| 50%| E|  |TAMS 0x00000000e8e00000| PB 0x00000000e8e00000| Complete 
| 143|0x00000000e8f00000, 0x00000000e9000000, 0x00000000e9000000|100%| E|CS|TAMS 0x00000000e8f00000| PB 0x00000000e8f00000| Complete 
| 144|0x00000000e9000000, 0x00000000e9100000, 0x00000000e9100000|100%| E|CS|TAMS 0x00000000e9000000| PB 0x00000000e9000000| Complete 
| 145|0x00000000e9100000, 0x00000000e9200000, 0x00000000e9200000|100%| E|CS|TAMS 0x00000000e9100000| PB 0x00000000e9100000| Complete 
| 146|0x00000000e9200000, 0x00000000e9300000, 0x00000000e9300000|100%| E|CS|TAMS 0x00000000e9200000| PB 0x00000000e9200000| Complete 
| 147|0x00000000e9300000, 0x00000000e9400000, 0x00000000e9400000|100%| E|CS|TAMS 0x00000000e9300000| PB 0x00000000e9300000| Complete 
| 148|0x00000000e9400000, 0x00000000e9500000, 0x00000000e9500000|100%| E|CS|TAMS 0x00000000e9400000| PB 0x00000000e9400000| Complete 
| 149|0x00000000e9500000, 0x00000000e9600000, 0x00000000e9600000|100%| E|CS|TAMS 0x00000000e9500000| PB 0x00000000e9500000| Complete 
| 150|0x00000000e9600000, 0x00000000e9700000, 0x00000000e9700000|100%| E|CS|TAMS 0x00000000e9600000| PB 0x00000000e9600000| Complete 
| 151|0x00000000e9700000, 0x00000000e9800000, 0x00000000e9800000|100%| E|CS|TAMS 0x00000000e9700000| PB 0x00000000e9700000| Complete 
| 152|0x00000000e9800000, 0x00000000e9900000, 0x00000000e9900000|100%| E|CS|TAMS 0x00000000e9800000| PB 0x00000000e9800000| Complete 
| 153|0x00000000e9900000, 0x00000000e9a00000, 0x00000000e9a00000|100%| E|CS|TAMS 0x00000000e9900000| PB 0x00000000e9900000| Complete 
| 154|0x00000000e9a00000, 0x00000000e9b00000, 0x00000000e9b00000|100%| E|CS|TAMS 0x00000000e9a00000| PB 0x00000000e9a00000| Complete 
| 155|0x00000000e9b00000, 0x00000000e9c00000, 0x00000000e9c00000|100%| E|CS|TAMS 0x00000000e9b00000| PB 0x00000000e9b00000| Complete 
| 156|0x00000000e9c00000, 0x00000000e9d00000, 0x00000000e9d00000|100%| E|CS|TAMS 0x00000000e9c00000| PB 0x00000000e9c00000| Complete 
| 157|0x00000000e9d00000, 0x00000000e9e00000, 0x00000000e9e00000|100%| E|CS|TAMS 0x00000000e9d00000| PB 0x00000000e9d00000| Complete 
| 158|0x00000000e9e00000, 0x00000000e9f00000, 0x00000000e9f00000|100%| E|CS|TAMS 0x00000000e9e00000| PB 0x00000000e9e00000| Complete 
| 159|0x00000000e9f00000, 0x00000000ea000000, 0x00000000ea000000|100%| E|CS|TAMS 0x00000000e9f00000| PB 0x00000000e9f00000| Complete 
| 160|0x00000000ea000000, 0x00000000ea100000, 0x00000000ea100000|100%| E|CS|TAMS 0x00000000ea000000| PB 0x00000000ea000000| Complete 
| 161|0x00000000ea100000, 0x00000000ea200000, 0x00000000ea200000|100%| E|CS|TAMS 0x00000000ea100000| PB 0x00000000ea100000| Complete 
| 162|0x00000000ea200000, 0x00000000ea300000, 0x00000000ea300000|100%| E|CS|TAMS 0x00000000ea200000| PB 0x00000000ea200000| Complete 
| 163|0x00000000ea300000, 0x00000000ea400000, 0x00000000ea400000|100%| E|CS|TAMS 0x00000000ea300000| PB 0x00000000ea300000| Complete 
| 164|0x00000000ea400000, 0x00000000ea500000, 0x00000000ea500000|100%| E|CS|TAMS 0x00000000ea400000| PB 0x00000000ea400000| Complete 
| 165|0x00000000ea500000, 0x00000000ea600000, 0x00000000ea600000|100%| E|CS|TAMS 0x00000000ea500000| PB 0x00000000ea500000| Complete 
| 166|0x00000000ea600000, 0x00000000ea700000, 0x00000000ea700000|100%| E|CS|TAMS 0x00000000ea600000| PB 0x00000000ea600000| Complete 
| 167|0x00000000ea700000, 0x00000000ea800000, 0x00000000ea800000|100%| E|CS|TAMS 0x00000000ea700000| PB 0x00000000ea700000| Complete 
| 168|0x00000000ea800000, 0x00000000ea900000, 0x00000000ea900000|100%| E|CS|TAMS 0x00000000ea800000| PB 0x00000000ea800000| Complete 
| 169|0x00000000ea900000, 0x00000000eaa00000, 0x00000000eaa00000|100%| E|CS|TAMS 0x00000000ea900000| PB 0x00000000ea900000| Complete 
| 170|0x00000000eaa00000, 0x00000000eab00000, 0x00000000eab00000|100%| E|CS|TAMS 0x00000000eaa00000| PB 0x00000000eaa00000| Complete 
| 171|0x00000000eab00000, 0x00000000eac00000, 0x00000000eac00000|100%| E|CS|TAMS 0x00000000eab00000| PB 0x00000000eab00000| Complete 
| 172|0x00000000eac00000, 0x00000000ead00000, 0x00000000ead00000|100%| E|CS|TAMS 0x00000000eac00000| PB 0x00000000eac00000| Complete 
| 173|0x00000000ead00000, 0x00000000eae00000, 0x00000000eae00000|100%| E|CS|TAMS 0x00000000ead00000| PB 0x00000000ead00000| Complete 
| 174|0x00000000eae00000, 0x00000000eaf00000, 0x00000000eaf00000|100%| E|CS|TAMS 0x00000000eae00000| PB 0x00000000eae00000| Complete 
| 175|0x00000000eaf00000, 0x00000000eb000000, 0x00000000eb000000|100%| E|CS|TAMS 0x00000000eaf00000| PB 0x00000000eaf00000| Complete 
| 176|0x00000000eb000000, 0x00000000eb100000, 0x00000000eb100000|100%| E|CS|TAMS 0x00000000eb000000| PB 0x00000000eb000000| Complete 
| 177|0x00000000eb100000, 0x00000000eb200000, 0x00000000eb200000|100%| E|CS|TAMS 0x00000000eb100000| PB 0x00000000eb100000| Complete 
| 178|0x00000000eb200000, 0x00000000eb300000, 0x00000000eb300000|100%| E|CS|TAMS 0x00000000eb200000| PB 0x00000000eb200000| Complete 
| 179|0x00000000eb300000, 0x00000000eb400000, 0x00000000eb400000|100%| E|CS|TAMS 0x00000000eb300000| PB 0x00000000eb300000| Complete 
| 180|0x00000000eb400000, 0x00000000eb500000, 0x00000000eb500000|100%| E|CS|TAMS 0x00000000eb400000| PB 0x00000000eb400000| Complete 
| 181|0x00000000eb500000, 0x00000000eb600000, 0x00000000eb600000|100%| E|CS|TAMS 0x00000000eb500000| PB 0x00000000eb500000| Complete 
| 182|0x00000000eb600000, 0x00000000eb700000, 0x00000000eb700000|100%| E|CS|TAMS 0x00000000eb600000| PB 0x00000000eb600000| Complete 
| 183|0x00000000eb700000, 0x00000000eb800000, 0x00000000eb800000|100%| E|CS|TAMS 0x00000000eb700000| PB 0x00000000eb700000| Complete 
| 184|0x00000000eb800000, 0x00000000eb900000, 0x00000000eb900000|100%| E|CS|TAMS 0x00000000eb800000| PB 0x00000000eb800000| Complete 
| 185|0x00000000eb900000, 0x00000000eba00000, 0x00000000eba00000|100%| E|CS|TAMS 0x00000000eb900000| PB 0x00000000eb900000| Complete 
| 186|0x00000000eba00000, 0x00000000ebb00000, 0x00000000ebb00000|100%| E|CS|TAMS 0x00000000eba00000| PB 0x00000000eba00000| Complete 
| 187|0x00000000ebb00000, 0x00000000ebc00000, 0x00000000ebc00000|100%| E|CS|TAMS 0x00000000ebb00000| PB 0x00000000ebb00000| Complete 
| 188|0x00000000ebc00000, 0x00000000ebd00000, 0x00000000ebd00000|100%| E|CS|TAMS 0x00000000ebc00000| PB 0x00000000ebc00000| Complete 
| 189|0x00000000ebd00000, 0x00000000ebe00000, 0x00000000ebe00000|100%| E|CS|TAMS 0x00000000ebd00000| PB 0x00000000ebd00000| Complete 
| 190|0x00000000ebe00000, 0x00000000ebf00000, 0x00000000ebf00000|100%| E|CS|TAMS 0x00000000ebe00000| PB 0x00000000ebe00000| Complete 
| 191|0x00000000ebf00000, 0x00000000ec000000, 0x00000000ec000000|100%| E|CS|TAMS 0x00000000ebf00000| PB 0x00000000ebf00000| Complete 
| 192|0x00000000ec000000, 0x00000000ec100000, 0x00000000ec100000|100%| E|CS|TAMS 0x00000000ec000000| PB 0x00000000ec000000| Complete 
| 193|0x00000000ec100000, 0x00000000ec200000, 0x00000000ec200000|100%| E|CS|TAMS 0x00000000ec100000| PB 0x00000000ec100000| Complete 
| 194|0x00000000ec200000, 0x00000000ec300000, 0x00000000ec300000|100%| E|CS|TAMS 0x00000000ec200000| PB 0x00000000ec200000| Complete 
| 195|0x00000000ec300000, 0x00000000ec400000, 0x00000000ec400000|100%| E|CS|TAMS 0x00000000ec300000| PB 0x00000000ec300000| Complete 
| 196|0x00000000ec400000, 0x00000000ec500000, 0x00000000ec500000|100%| E|CS|TAMS 0x00000000ec400000| PB 0x00000000ec400000| Complete 
| 197|0x00000000ec500000, 0x00000000ec600000, 0x00000000ec600000|100%| E|CS|TAMS 0x00000000ec500000| PB 0x00000000ec500000| Complete 
| 198|0x00000000ec600000, 0x00000000ec700000, 0x00000000ec700000|100%| E|CS|TAMS 0x00000000ec600000| PB 0x00000000ec600000| Complete 
| 199|0x00000000ec700000, 0x00000000ec800000, 0x00000000ec800000|100%| E|CS|TAMS 0x00000000ec700000| PB 0x00000000ec700000| Complete 
| 200|0x00000000ec800000, 0x00000000ec900000, 0x00000000ec900000|100%| E|CS|TAMS 0x00000000ec800000| PB 0x00000000ec800000| Complete 
| 201|0x00000000ec900000, 0x00000000eca00000, 0x00000000eca00000|100%| E|CS|TAMS 0x00000000ec900000| PB 0x00000000ec900000| Complete 
| 202|0x00000000eca00000, 0x00000000ecb00000, 0x00000000ecb00000|100%| E|CS|TAMS 0x00000000eca00000| PB 0x00000000eca00000| Complete 
| 203|0x00000000ecb00000, 0x00000000ecc00000, 0x00000000ecc00000|100%| E|CS|TAMS 0x00000000ecb00000| PB 0x00000000ecb00000| Complete 
| 204|0x00000000ecc00000, 0x00000000ecd00000, 0x00000000ecd00000|100%| E|CS|TAMS 0x00000000ecc00000| PB 0x00000000ecc00000| Complete 
| 205|0x00000000ecd00000, 0x00000000ece00000, 0x00000000ece00000|100%| E|CS|TAMS 0x00000000ecd00000| PB 0x00000000ecd00000| Complete 
| 206|0x00000000ece00000, 0x00000000ecf00000, 0x00000000ecf00000|100%| E|CS|TAMS 0x00000000ece00000| PB 0x00000000ece00000| Complete 
| 207|0x00000000ecf00000, 0x00000000ed000000, 0x00000000ed000000|100%| E|CS|TAMS 0x00000000ecf00000| PB 0x00000000ecf00000| Complete 
| 208|0x00000000ed000000, 0x00000000ed100000, 0x00000000ed100000|100%| E|CS|TAMS 0x00000000ed000000| PB 0x00000000ed000000| Complete 
| 209|0x00000000ed100000, 0x00000000ed200000, 0x00000000ed200000|100%| E|CS|TAMS 0x00000000ed100000| PB 0x00000000ed100000| Complete 
| 210|0x00000000ed200000, 0x00000000ed300000, 0x00000000ed300000|100%| E|CS|TAMS 0x00000000ed200000| PB 0x00000000ed200000| Complete 
| 211|0x00000000ed300000, 0x00000000ed400000, 0x00000000ed400000|100%| E|CS|TAMS 0x00000000ed300000| PB 0x00000000ed300000| Complete 
| 212|0x00000000ed400000, 0x00000000ed500000, 0x00000000ed500000|100%| E|CS|TAMS 0x00000000ed400000| PB 0x00000000ed400000| Complete 
| 213|0x00000000ed500000, 0x00000000ed600000, 0x00000000ed600000|100%| S|CS|TAMS 0x00000000ed500000| PB 0x00000000ed500000| Complete 
| 214|0x00000000ed600000, 0x00000000ed700000, 0x00000000ed700000|100%| S|CS|TAMS 0x00000000ed600000| PB 0x00000000ed600000| Complete 
| 215|0x00000000ed700000, 0x00000000ed800000, 0x00000000ed800000|100%| S|CS|TAMS 0x00000000ed700000| PB 0x00000000ed700000| Complete 
| 216|0x00000000ed800000, 0x00000000ed900000, 0x00000000ed900000|100%| S|CS|TAMS 0x00000000ed800000| PB 0x00000000ed800000| Complete 
| 217|0x00000000ed900000, 0x00000000eda00000, 0x00000000eda00000|100%| S|CS|TAMS 0x00000000ed900000| PB 0x00000000ed900000| Complete 
| 218|0x00000000eda00000, 0x00000000edb00000, 0x00000000edb00000|100%| E|CS|TAMS 0x00000000eda00000| PB 0x00000000eda00000| Complete 
| 219|0x00000000edb00000, 0x00000000edc00000, 0x00000000edc00000|100%| E|CS|TAMS 0x00000000edb00000| PB 0x00000000edb00000| Complete 
| 220|0x00000000edc00000, 0x00000000edd00000, 0x00000000edd00000|100%| E|CS|TAMS 0x00000000edc00000| PB 0x00000000edc00000| Complete 
| 221|0x00000000edd00000, 0x00000000ede00000, 0x00000000ede00000|100%| E|CS|TAMS 0x00000000edd00000| PB 0x00000000edd00000| Complete 
| 222|0x00000000ede00000, 0x00000000edf00000, 0x00000000edf00000|100%| E|CS|TAMS 0x00000000ede00000| PB 0x00000000ede00000| Complete 
| 223|0x00000000edf00000, 0x00000000ee000000, 0x00000000ee000000|100%| E|CS|TAMS 0x00000000edf00000| PB 0x00000000edf00000| Complete 
| 224|0x00000000ee000000, 0x00000000ee100000, 0x00000000ee100000|100%| E|CS|TAMS 0x00000000ee000000| PB 0x00000000ee000000| Complete 
| 225|0x00000000ee100000, 0x00000000ee200000, 0x00000000ee200000|100%| E|CS|TAMS 0x00000000ee100000| PB 0x00000000ee100000| Complete 
| 226|0x00000000ee200000, 0x00000000ee300000, 0x00000000ee300000|100%| E|CS|TAMS 0x00000000ee200000| PB 0x00000000ee200000| Complete 
| 227|0x00000000ee300000, 0x00000000ee400000, 0x00000000ee400000|100%| E|CS|TAMS 0x00000000ee300000| PB 0x00000000ee300000| Complete 
| 228|0x00000000ee400000, 0x00000000ee500000, 0x00000000ee500000|100%| E|CS|TAMS 0x00000000ee400000| PB 0x00000000ee400000| Complete 
| 229|0x00000000ee500000, 0x00000000ee600000, 0x00000000ee600000|100%| E|CS|TAMS 0x00000000ee500000| PB 0x00000000ee500000| Complete 
| 230|0x00000000ee600000, 0x00000000ee700000, 0x00000000ee700000|100%| E|CS|TAMS 0x00000000ee600000| PB 0x00000000ee600000| Complete 
| 231|0x00000000ee700000, 0x00000000ee800000, 0x00000000ee800000|100%| E|CS|TAMS 0x00000000ee700000| PB 0x00000000ee700000| Complete 
| 232|0x00000000ee800000, 0x00000000ee900000, 0x00000000ee900000|100%| E|CS|TAMS 0x00000000ee800000| PB 0x00000000ee800000| Complete 
| 233|0x00000000ee900000, 0x00000000eea00000, 0x00000000eea00000|100%| E|CS|TAMS 0x00000000ee900000| PB 0x00000000ee900000| Complete 
| 234|0x00000000eea00000, 0x00000000eeb00000, 0x00000000eeb00000|100%| E|CS|TAMS 0x00000000eea00000| PB 0x00000000eea00000| Complete 
| 235|0x00000000eeb00000, 0x00000000eec00000, 0x00000000eec00000|100%| E|CS|TAMS 0x00000000eeb00000| PB 0x00000000eeb00000| Complete 
| 236|0x00000000eec00000, 0x00000000eed00000, 0x00000000eed00000|100%| E|CS|TAMS 0x00000000eec00000| PB 0x00000000eec00000| Complete 
| 237|0x00000000eed00000, 0x00000000eee00000, 0x00000000eee00000|100%| E|CS|TAMS 0x00000000eed00000| PB 0x00000000eed00000| Complete 
| 238|0x00000000eee00000, 0x00000000eef00000, 0x00000000eef00000|100%| E|CS|TAMS 0x00000000eee00000| PB 0x00000000eee00000| Complete 
| 239|0x00000000eef00000, 0x00000000ef000000, 0x00000000ef000000|100%| E|CS|TAMS 0x00000000eef00000| PB 0x00000000eef00000| Complete 
| 240|0x00000000ef000000, 0x00000000ef100000, 0x00000000ef100000|100%| E|CS|TAMS 0x00000000ef000000| PB 0x00000000ef000000| Complete 
| 241|0x00000000ef100000, 0x00000000ef200000, 0x00000000ef200000|100%| E|CS|TAMS 0x00000000ef100000| PB 0x00000000ef100000| Complete 
| 242|0x00000000ef200000, 0x00000000ef300000, 0x00000000ef300000|100%| E|CS|TAMS 0x00000000ef200000| PB 0x00000000ef200000| Complete 
| 243|0x00000000ef300000, 0x00000000ef400000, 0x00000000ef400000|100%| E|CS|TAMS 0x00000000ef300000| PB 0x00000000ef300000| Complete 
| 244|0x00000000ef400000, 0x00000000ef500000, 0x00000000ef500000|100%| E|CS|TAMS 0x00000000ef400000| PB 0x00000000ef400000| Complete 
| 245|0x00000000ef500000, 0x00000000ef600000, 0x00000000ef600000|100%| E|CS|TAMS 0x00000000ef500000| PB 0x00000000ef500000| Complete 
| 246|0x00000000ef600000, 0x00000000ef700000, 0x00000000ef700000|100%| E|CS|TAMS 0x00000000ef600000| PB 0x00000000ef600000| Complete 
| 247|0x00000000ef700000, 0x00000000ef800000, 0x00000000ef800000|100%| E|CS|TAMS 0x00000000ef700000| PB 0x00000000ef700000| Complete 
| 248|0x00000000ef800000, 0x00000000ef900000, 0x00000000ef900000|100%| E|CS|TAMS 0x00000000ef800000| PB 0x00000000ef800000| Complete 
| 249|0x00000000ef900000, 0x00000000efa00000, 0x00000000efa00000|100%| E|CS|TAMS 0x00000000ef900000| PB 0x00000000ef900000| Complete 
| 250|0x00000000efa00000, 0x00000000efb00000, 0x00000000efb00000|100%| E|CS|TAMS 0x00000000efa00000| PB 0x00000000efa00000| Complete 
| 251|0x00000000efb00000, 0x00000000efc00000, 0x00000000efc00000|100%| E|CS|TAMS 0x00000000efb00000| PB 0x00000000efb00000| Complete 
| 252|0x00000000efc00000, 0x00000000efd00000, 0x00000000efd00000|100%| E|CS|TAMS 0x00000000efc00000| PB 0x00000000efc00000| Complete 
| 253|0x00000000efd00000, 0x00000000efe00000, 0x00000000efe00000|100%| E|CS|TAMS 0x00000000efd00000| PB 0x00000000efd00000| Complete 
| 254|0x00000000efe00000, 0x00000000eff00000, 0x00000000eff00000|100%| E|CS|TAMS 0x00000000efe00000| PB 0x00000000efe00000| Complete 
| 255|0x00000000eff00000, 0x00000000f0000000, 0x00000000f0000000|100%| E|CS|TAMS 0x00000000eff00000| PB 0x00000000eff00000| Complete 

Card table byte_map: [0x00000193e38f0000,0x00000193e39f0000] _byte_map_base: 0x00000193e31f0000

Marking Bits: (CMBitMap*) 0x00000193cbdc9250
 Bits: [0x00000193e39f0000, 0x00000193e41f0000)

Polling page: 0x00000193c9bf0000

Metaspace:

Usage:
  Non-class:     13.83 MB used.
      Class:      2.23 MB used.
       Both:     16.06 MB used.

Virtual space:
  Non-class space:       64.00 MB reserved,      14.12 MB ( 22%) committed,  1 nodes.
      Class space:      320.00 MB reserved,       2.44 MB ( <1%) committed,  1 nodes.
             Both:      384.00 MB reserved,      16.56 MB (  4%) committed. 

Chunk freelists:
   Non-Class:  1.89 MB
       Class:  13.56 MB
        Both:  15.45 MB

MaxMetaspaceSize: 384.00 MB
CompressedClassSpaceSize: 320.00 MB
Initial GC threshold: 21.00 MB
Current GC threshold: 21.00 MB
CDS: on
 - commit_granule_bytes: 65536.
 - commit_granule_words: 8192.
 - virtual_space_node_default_size: 8388608.
 - enlarge_chunks_in_place: 1.
 - use_allocation_guard: 0.


Internal statistics:

num_allocs_failed_limit: 0.
num_arena_births: 602.
num_arena_deaths: 0.
num_vsnodes_births: 2.
num_vsnodes_deaths: 0.
num_space_committed: 265.
num_space_uncommitted: 0.
num_chunks_returned_to_freelist: 0.
num_chunks_taken_from_freelist: 1176.
num_chunk_merges: 0.
num_chunk_splits: 769.
num_chunks_enlarged: 527.
num_inconsistent_stats: 0.

CodeHeap 'non-profiled nmethods': size=120000Kb used=1341Kb max_used=1341Kb free=118658Kb
 bounds [0x00000193dbf90000, 0x00000193dc200000, 0x00000193e34c0000]
CodeHeap 'profiled nmethods': size=120000Kb used=5572Kb max_used=5572Kb free=114427Kb
 bounds [0x00000193d44c0000, 0x00000193d4a40000, 0x00000193db9f0000]
CodeHeap 'non-nmethods': size=5760Kb used=1529Kb max_used=1547Kb free=4230Kb
 bounds [0x00000193db9f0000, 0x00000193dbc60000, 0x00000193dbf90000]
CodeCache: size=245760Kb, used=8442Kb, max_used=8460Kb, free=237315Kb
 total_blobs=3352, nmethods=2796, adapters=460, full_count=0
Compilation: enabled, stopped_count=0, restarted_count=0

Compilation events (20 events):
Event: 6.585 Thread 0x00000193800265a0 2757       3       java.lang.invoke.DirectMethodHandle::rebind (5 bytes)
Event: 6.585 Thread 0x00000193800265a0 nmethod 2757 0x00000193d4a1cc90 code [0x00000193d4a1ce40, 0x00000193d4a1cf78]
Event: 6.585 Thread 0x00000193800265a0 2756       3       java.lang.reflect.Method::isVarArgs (5 bytes)
Event: 6.586 Thread 0x00000193800265a0 nmethod 2756 0x00000193d4a1d010 code [0x00000193d4a1d1c0, 0x00000193d4a1d398]
Event: 6.588 Thread 0x00000193800265a0 2760   !   3       java.lang.invoke.LambdaForm::lambdaName (49 bytes)
Event: 6.588 Thread 0x00000193800265a0 nmethod 2760 0x00000193d4a1d490 code [0x00000193d4a1d620, 0x00000193d4a1d748]
Event: 6.588 Thread 0x00000193800265a0 2762       3       java.lang.invoke.InvokerBytecodeGenerator::addMethod (725 bytes)
Event: 6.595 Thread 0x00000193800265a0 nmethod 2762 0x00000193d4a1d810 code [0x00000193d4a1dd80, 0x00000193d4a20198]
Event: 6.595 Thread 0x00000193800265a0 2764       3       java.lang.invoke.BoundMethodHandle::speciesDataFor (32 bytes)
Event: 6.595 Thread 0x00000193800265a0 nmethod 2764 0x00000193d4a20d90 code [0x00000193d4a20f60, 0x00000193d4a212e0]
Event: 6.595 Thread 0x00000193800265a0 2761       3       java.lang.invoke.InvokerBytecodeGenerator::classFilePrologue (64 bytes)
Event: 6.596 Thread 0x00000193800265a0 nmethod 2761 0x00000193d4a21410 code [0x00000193d4a21660, 0x00000193d4a21dd0]
Event: 6.596 Thread 0x00000193800265a0 2763       3       java.lang.invoke.MethodHandles::classData (17 bytes)
Event: 6.596 Thread 0x00000193800265a0 nmethod 2763 0x00000193d4a22090 code [0x00000193d4a22280, 0x00000193d4a22650]
Event: 6.614 Thread 0x00000193800265a0 2766       3       java.util.jar.JarFile$JarFileEntry::getRealName (5 bytes)
Event: 6.615 Thread 0x00000193800265a0 nmethod 2766 0x00000193d4a22810 code [0x00000193d4a229a0, 0x00000193d4a22ac0]
Event: 6.634 Thread 0x00000193800265a0 2767       3       java.lang.Package$VersionInfo::<init> (44 bytes)
Event: 6.635 Thread 0x00000193800265a0 nmethod 2767 0x00000193d4a22b90 code [0x00000193d4a22d60, 0x00000193d4a23158]
Event: 6.648 Thread 0x00000193800265a0 2769       3       java.lang.invoke.InfoFromMemberName::getModifiers (8 bytes)
Event: 6.649 Thread 0x00000193800265a0 nmethod 2769 0x00000193d4a23210 code [0x00000193d4a233c0, 0x00000193d4a23538]

GC Heap History (4 events):
Event: 1.055 GC heap before
{Heap before GC invocations=0 (full 0):
 garbage-first heap   total 262144K, used 22528K [0x00000000e0000000, 0x0000000100000000)
  region size 1024K, 23 young (23552K), 0 survivors (0K)
 Metaspace       used 898K, committed 1024K, reserved 393216K
  class space    used 71K, committed 128K, reserved 327680K
}
Event: 1.069 GC heap after
{Heap after GC invocations=1 (full 0):
 garbage-first heap   total 262144K, used 1535K [0x00000000e0000000, 0x0000000100000000)
  region size 1024K, 2 young (2048K), 2 survivors (2048K)
 Metaspace       used 898K, committed 1024K, reserved 393216K
  class space    used 71K, committed 128K, reserved 327680K
}
Event: 2.315 GC heap before
{Heap before GC invocations=1 (full 0):
 garbage-first heap   total 262144K, used 40447K [0x00000000e0000000, 0x0000000100000000)
  region size 1024K, 38 young (38912K), 2 survivors (2048K)
 Metaspace       used 4432K, committed 4608K, reserved 393216K
  class space    used 556K, committed 640K, reserved 327680K
}
Event: 2.323 GC heap after
{Heap after GC invocations=2 (full 0):
 garbage-first heap   total 262144K, used 10738K [0x00000000e0000000, 0x0000000100000000)
  region size 1024K, 5 young (5120K), 5 survivors (5120K)
 Metaspace       used 4432K, committed 4608K, reserved 393216K
  class space    used 556K, committed 640K, reserved 327680K
}

Dll operation events (15 events):
Event: 0.025 Loaded shared library C:\Users\ashish.sharma_infobe\.jdks\corretto-21.0.10\bin\java.dll
Event: 0.078 Loaded shared library C:\Users\ashish.sharma_infobe\.jdks\corretto-21.0.10\bin\jsvml.dll
Event: 0.237 Loaded shared library C:\Users\ashish.sharma_infobe\.jdks\corretto-21.0.10\bin\zip.dll
Event: 0.248 Loaded shared library C:\Users\ashish.sharma_infobe\.jdks\corretto-21.0.10\bin\instrument.dll
Event: 0.263 Loaded shared library C:\Users\ashish.sharma_infobe\.jdks\corretto-21.0.10\bin\net.dll
Event: 0.269 Loaded shared library C:\Users\ashish.sharma_infobe\.jdks\corretto-21.0.10\bin\nio.dll
Event: 0.275 Loaded shared library C:\Users\ashish.sharma_infobe\.jdks\corretto-21.0.10\bin\zip.dll
Event: 1.079 Loaded shared library C:\Users\ashish.sharma_infobe\.jdks\corretto-21.0.10\bin\jimage.dll
Event: 1.400 Loaded shared library C:\Users\ashish.sharma_infobe\.jdks\corretto-21.0.10\bin\verify.dll
Event: 1.687 Loaded shared library C:\Users\ashish.sharma_infobe\.gradle\native\1def1411415f61bf3af743bc5b6707747c0891f09f0c88961ee8f79bc544acac\windows-amd64\native-platform.dll
Event: 1.718 Loaded shared library C:\Users\ashish.sharma_infobe\.gradle\native\0.2.7\x86_64-windows-gnu\gradle-fileevents.dll
Event: 3.497 Loaded shared library C:\Users\ashish.sharma_infobe\.jdks\corretto-21.0.10\bin\management.dll
Event: 3.510 Loaded shared library C:\Users\ashish.sharma_infobe\.jdks\corretto-21.0.10\bin\management_ext.dll
Event: 3.969 Loaded shared library C:\Users\ashish.sharma_infobe\.jdks\corretto-21.0.10\bin\extnet.dll
Event: 4.638 Loaded shared library C:\Users\ashish.sharma_infobe\.jdks\corretto-21.0.10\bin\sunmscapi.dll

Deoptimization events (20 events):
Event: 6.523 Thread 0x0000019381a8fdc0 Uncommon trap: trap_request=0xffffff45 fr.pc=0x00000193dc098800 relative=0x00000000000000c0
Event: 6.523 Thread 0x0000019381a8fdc0 Uncommon trap: reason=unstable_if action=reinterpret pc=0x00000193dc098800 method=jdk.internal.misc.Unsafe.convEndian(ZI)I @ 4 c2
Event: 6.523 Thread 0x0000019381a8fdc0 DEOPT PACKING pc=0x00000193dc098800 sp=0x00000054b61fac70
Event: 6.524 Thread 0x0000019381a8fdc0 DEOPT UNPACKING pc=0x00000193dba47ba2 sp=0x00000054b61fab08 mode 2
Event: 6.524 Thread 0x0000019381a8fdc0 Uncommon trap: trap_request=0xffffff45 fr.pc=0x00000193dc0981ac relative=0x000000000000008c
Event: 6.524 Thread 0x0000019381a8fdc0 Uncommon trap: reason=unstable_if action=reinterpret pc=0x00000193dc0981ac method=jdk.internal.misc.Unsafe.convEndian(ZI)I @ 4 c2
Event: 6.524 Thread 0x0000019381a8fdc0 DEOPT PACKING pc=0x00000193dc0981ac sp=0x00000054b61fabd0
Event: 6.524 Thread 0x0000019381a8fdc0 DEOPT UNPACKING pc=0x00000193dba47ba2 sp=0x00000054b61fab00 mode 2
Event: 6.524 Thread 0x0000019381a8fdc0 Uncommon trap: trap_request=0xffffff45 fr.pc=0x00000193dc097e68 relative=0x0000000000000048
Event: 6.524 Thread 0x0000019381a8fdc0 Uncommon trap: reason=unstable_if action=reinterpret pc=0x00000193dc097e68 method=jdk.internal.misc.Unsafe.convEndian(ZI)I @ 4 c2
Event: 6.524 Thread 0x0000019381a8fdc0 DEOPT PACKING pc=0x00000193dc097e68 sp=0x00000054b61fab60
Event: 6.524 Thread 0x0000019381a8fdc0 DEOPT UNPACKING pc=0x00000193dba47ba2 sp=0x00000054b61faaf8 mode 2
Event: 6.599 Thread 0x0000019381a8fdc0 Uncommon trap: trap_request=0xffffff45 fr.pc=0x00000193dbfb6690 relative=0x0000000000000e10
Event: 6.599 Thread 0x0000019381a8fdc0 Uncommon trap: reason=unstable_if action=reinterpret pc=0x00000193dbfb6690 method=java.io.WinNTFileSystem.resolve(Ljava/lang/String;Ljava/lang/String;)Ljava/lang/String; @ 19 c2
Event: 6.599 Thread 0x0000019381a8fdc0 DEOPT PACKING pc=0x00000193dbfb6690 sp=0x00000054b61faed0
Event: 6.599 Thread 0x0000019381a8fdc0 DEOPT UNPACKING pc=0x00000193dba47ba2 sp=0x00000054b61fae68 mode 2
Event: 6.602 Thread 0x0000019381a8fdc0 Uncommon trap: trap_request=0xffffff45 fr.pc=0x00000193dbfcc760 relative=0x0000000000000680
Event: 6.602 Thread 0x0000019381a8fdc0 Uncommon trap: reason=unstable_if action=reinterpret pc=0x00000193dbfcc760 method=java.io.File.getName()Ljava/lang/String; @ 16 c2
Event: 6.602 Thread 0x0000019381a8fdc0 DEOPT PACKING pc=0x00000193dbfcc760 sp=0x00000054b61fae90
Event: 6.602 Thread 0x0000019381a8fdc0 DEOPT UNPACKING pc=0x00000193dba47ba2 sp=0x00000054b61fae60 mode 2

Classes loaded (20 events):
Event: 6.339 Loading class java/nio/file/attribute/PosixFilePermissions$1
Event: 6.339 Loading class java/nio/file/attribute/PosixFilePermissions$1 done
Event: 6.399 Loading class java/util/concurrent/ArrayBlockingQueue
Event: 6.400 Loading class java/util/concurrent/ArrayBlockingQueue done
Event: 6.401 Loading class java/util/concurrent/locks/ReentrantLock$FairSync
Event: 6.401 Loading class java/util/concurrent/locks/ReentrantLock$FairSync done
Event: 6.420 Loading class java/net/DatagramPacket
Event: 6.421 Loading class java/net/DatagramPacket done
Event: 6.423 Loading class sun/nio/ch/DatagramChannelImpl$DatagramPackets
Event: 6.423 Loading class sun/nio/ch/DatagramChannelImpl$DatagramPackets done
Event: 6.517 Loading class sun/security/provider/MD5
Event: 6.518 Loading class sun/security/provider/MD5 done
Event: 6.518 Loading class sun/security/provider/SHA5$SHA512
Event: 6.519 Loading class sun/security/provider/SHA5
Event: 6.520 Loading class sun/security/provider/SHA5 done
Event: 6.520 Loading class sun/security/provider/SHA5$SHA512 done
Event: 6.523 Loading class sun/security/provider/ByteArrayAccess$LE
Event: 6.523 Loading class sun/security/provider/ByteArrayAccess$LE done
Event: 6.601 Loading class java/io/File$TempDirectory
Event: 6.601 Loading class java/io/File$TempDirectory done

Classes unloaded (0 events):
No events

Classes redefined (0 events):
No events

Internal exceptions (20 events):
Event: 4.491 Thread 0x00000193cbd9c550 Exception <a 'java/io/IOException'{0x00000000eb6aefc8}> (0x00000000eb6aefc8) 
thrown [s\src\hotspot\share\prims\jni.cpp, line 520]
Event: 4.507 Thread 0x00000193cbd9c550 Implicit null exception at 0x00000193dbfe3824 to 0x00000193dbfe3eec
Event: 4.518 Thread 0x00000193cbd9c550 Exception <a 'java/lang/NoSuchMethodError'{0x00000000eb522d68}: 'java.lang.Object java.lang.invoke.DirectMethodHandle$Holder.newInvokeSpecial(java.lang.Object, java.lang.Object, java.lang.Object, java.lang.Object, java.lang.Object)'> (0x00000000eb522d68) 
thrown [s\src\hotspot\share\interpreter\linkResolver.cpp, line 773]
Event: 5.176 Thread 0x0000019381ae3630 Exception <a 'java/lang/NoSuchMethodError'{0x00000000eb3e7068}: 'void java.lang.invoke.DirectMethodHandle$Holder.invokeSpecial(java.lang.Object, java.lang.Object, java.lang.Object)'> (0x00000000eb3e7068) 
thrown [s\src\hotspot\share\interpreter\linkResolver.cpp, line 773]
Event: 5.462 Thread 0x0000019381a8fdc0 Exception <a 'java/lang/NoSuchMethodError'{0x00000000eab42c60}: 'long java.lang.invoke.DirectMethodHandle$Holder.invokeInterface(java.lang.Object, java.lang.Object)'> (0x00000000eab42c60) 
thrown [s\src\hotspot\share\interpreter\linkResolver.cpp, line 773]
Event: 5.642 Thread 0x0000019381a8fdc0 Exception <a 'java/lang/NoSuchMethodError'{0x00000000ea778240}: 'void java.lang.invoke.DirectMethodHandle$Holder.invokeStatic(java.lang.Object, java.lang.Object)'> (0x00000000ea778240) 
thrown [s\src\hotspot\share\interpreter\linkResolver.cpp, line 773]
Event: 5.658 Thread 0x0000019381a8fdc0 Exception <a 'java/lang/NoSuchMethodError'{0x00000000ea7bdd08}: 'java.lang.Object java.lang.invoke.DirectMethodHandle$Holder.invokeVirtual(java.lang.Object, java.lang.Object, java.lang.Object, java.lang.Object, java.lang.Object, java.lang.Object, java.lang.Object, java.lang.Object, java.lang.Object, java.lang.Object, java.lang.Object, java.lang.Object)'> (0x00000000ea7bdd08) 
thrown [s\src\hotspot\share\interpreter\linkResolver.cpp, line 773]
Event: 5.659 Thread 0x0000019381a8fdc0 Exception <a 'java/lang/NoSuchMethodError'{0x00000000ea7c2d30}: 'java.lang.Object java.lang.invoke.DirectMethodHandle$Holder.invokeSpecial(java.lang.Object, java.lang.Object, java.lang.Object, java.lang.Object, java.lang.Object, java.lang.Object, java.lang.Object, java.lang.Object, java.lang.Object, java.lang.Object, java.lang.Object, java.lang.Object, java.lang.Object)'> (0x00000000ea7c2d30) 
thrown [s\src\hotspot\share\interpreter\linkResolver.cpp, line 773]
Event: 5.774 Thread 0x0000019381a8fdc0 Exception <a 'java/lang/NoSuchMethodError'{0x00000000ea5d9db8}: 'int java.lang.invoke.DirectMethodHandle$Holder.invokeVirtual(java.lang.Object, java.lang.Object, java.lang.Object)'> (0x00000000ea5d9db8) 
thrown [s\src\hotspot\share\interpreter\linkResolver.cpp, line 773]
Event: 5.881 Thread 0x0000019381a8fdc0 Exception <a 'java/lang/NoSuchMethodError'{0x00000000ea2511f8}: 'java.lang.Object java.lang.invoke.DirectMethodHandle$Holder.newInvokeSpecial(java.lang.Object, java.lang.Object, java.lang.Object, java.lang.Object, java.lang.Object, java.lang.Object)'> (0x00000000ea2511f8) 
thrown [s\src\hotspot\share\interpreter\linkResolver.cpp, line 773]
Event: 6.035 Thread 0x0000019381a8fdc0 Exception <a 'java/lang/NoSuchMethodError'{0x00000000e9f25000}: 'void java.lang.invoke.DelegatingMethodHandle$Holder.reinvoke_L(java.lang.Object, java.lang.Object, java.lang.Object, java.lang.Object, java.lang.Object, java.lang.Object, java.lang.Object, java.lang.Object, java.lang.Object, java.lang.Object)'> (0x00000000e9f25000) 
thrown [s\src\hotspot\share\interpreter\linkResolver.cpp, line 773]
Event: 6.036 Thread 0x0000019381a8fdc0 Exception <a 'java/lang/NoSuchMethodError'{0x00000000e9f2cae0}: 'java.lang.Object java.lang.invoke.Invokers$Holder.invoker(java.lang.Object, java.lang.Object, java.lang.Object, java.lang.Object, java.lang.Object, java.lang.Object, java.lang.Object, java.lang.Object, java.lang.Object, java.lang.Object)'> (0x00000000e9f2cae0) 
thrown [s\src\hotspot\share\interpreter\linkResolver.cpp, line 773]
Event: 6.350 Thread 0x0000019381a8fdc0 Exception <a 'java/lang/NoSuchMethodError'{0x00000000e9976508}: 'void java.lang.invoke.DirectMethodHandle$Holder.invokeInterface(java.lang.Object, java.lang.Object)'> (0x00000000e9976508) 
thrown [s\src\hotspot\share\interpreter\linkResolver.cpp, line 773]
Event: 6.351 Thread 0x0000019381a8fdc0 Exception <a 'java/lang/IncompatibleClassChangeError'{0x00000000e9979a88}: Found class java.lang.Object, but interface was expected> (0x00000000e9979a88) 
thrown [s\src\hotspot\share\interpreter\linkResolver.cpp, line 840]
Event: 6.406 Thread 0x0000019381a8fdc0 Exception <a 'java/lang/NoSuchMethodError'{0x00000000e98a2db8}: 'java.lang.Object java.lang.invoke.DirectMethodHandle$Holder.newInvokeSpecial(java.lang.Object, java.lang.Object, int)'> (0x00000000e98a2db8) 
thrown [s\src\hotspot\share\interpreter\linkResolver.cpp, line 773]
Event: 6.550 Thread 0x0000019381a8fdc0 Exception <a 'java/lang/NoSuchMethodError'{0x00000000e94fbed8}: 'java.lang.Object java.lang.invoke.DirectMethodHandle$Holder.invokeVirtual(java.lang.Object, java.lang.Object, java.lang.Object, java.lang.Object, java.lang.Object, java.lang.Object, java.lang.Object, java.lang.Object)'> (0x00000000e94fbed8) 
thrown [s\src\hotspot\share\interpreter\linkResolver.cpp, line 773]
Event: 6.587 Thread 0x0000019381a8fdc0 Exception <a 'java/lang/NoSuchMethodError'{0x00000000e93a1700}: 'java.lang.Object java.lang.invoke.DirectMethodHandle$Holder.invokeVirtual(java.lang.Object, java.lang.Object, java.lang.Object, java.lang.Object, java.lang.Object, java.lang.Object, java.lang.Object, java.lang.Object, java.lang.Object, java.lang.Object)'> (0x00000000e93a1700) 
thrown [s\src\hotspot\share\interpreter\linkResolver.cpp, line 773]
Event: 6.626 Thread 0x0000019381a8fdc0 Exception <a 'java/lang/NoSuchMethodError'{0x00000000e9237b30}: 'void java.lang.invoke.DirectMethodHandle$Holder.invokeStatic(java.lang.Object, java.lang.Object, java.lang.Object, java.lang.Object)'> (0x00000000e9237b30) 
thrown [s\src\hotspot\share\interpreter\linkResolver.cpp, line 773]
Event: 6.627 Thread 0x0000019381a8fdc0 Exception <a 'java/lang/NoSuchMethodError'{0x00000000e923b8e8}: 'void java.lang.invoke.DirectMethodHandle$Holder.invokeStaticInit(java.lang.Object, java.lang.Object, java.lang.Object, java.lang.Object)'> (0x00000000e923b8e8) 
thrown [s\src\hotspot\share\interpreter\linkResolver.cpp, line 773]
Event: 6.647 Thread 0x0000019381a8fdc0 Exception <a 'java/lang/NoSuchMethodError'{0x00000000e92922b0}: 'java.lang.Object java.lang.invoke.DirectMethodHandle$Holder.invokeInterface(java.lang.Object, java.lang.Object, java.lang.Object)'> (0x00000000e92922b0) 
thrown [s\src\hotspot\share\interpreter\linkResolver.cpp, line 773]

ZGC Phase Switch (0 events):
No events

VM Operations (20 events):
Event: 3.626 Executing non-safepoint VM operation: HandshakeAllThreads (Deoptimize)
Event: 3.626 Executing non-safepoint VM operation: HandshakeAllThreads (Deoptimize) done
Event: 3.731 Executing non-safepoint VM operation: HandshakeAllThreads (Deoptimize)
Event: 3.731 Executing non-safepoint VM operation: HandshakeAllThreads (Deoptimize) done
Event: 3.956 Executing non-safepoint VM operation: HandshakeAllThreads (Deoptimize)
Event: 3.956 Executing non-safepoint VM operation: HandshakeAllThreads (Deoptimize) done
Event: 4.015 Executing non-safepoint VM operation: HandshakeAllThreads (Deoptimize)
Event: 4.015 Executing non-safepoint VM operation: HandshakeAllThreads (Deoptimize) done
Event: 4.136 Executing non-safepoint VM operation: HandshakeAllThreads (Deoptimize)
Event: 4.136 Executing non-safepoint VM operation: HandshakeAllThreads (Deoptimize) done
Event: 4.235 Executing non-safepoint VM operation: HandshakeAllThreads (Deoptimize)
Event: 4.235 Executing non-safepoint VM operation: HandshakeAllThreads (Deoptimize) done
Event: 4.564 Executing non-safepoint VM operation: HandshakeAllThreads (Deoptimize)
Event: 4.564 Executing non-safepoint VM operation: HandshakeAllThreads (Deoptimize) done
Event: 4.564 Executing safepoint VM operation: Cleanup
Event: 4.564 Executing safepoint VM operation: Cleanup done
Event: 5.576 Executing safepoint VM operation: Cleanup
Event: 5.576 Executing safepoint VM operation: Cleanup done
Event: 6.402 Executing non-safepoint VM operation: HandshakeAllThreads (Deoptimize)
Event: 6.402 Executing non-safepoint VM operation: HandshakeAllThreads (Deoptimize) done

Memory protections (0 events):
No events

Nmethod flushes (0 events):
No events

Events (20 events):
Event: 1.046 Thread 0x00000193800265a0 Thread added: 0x0000019380254270
Event: 1.072 Thread 0x0000019380025360 Thread added: 0x00000193802d7ae0
Event: 2.656 Thread 0x00000193802d7ae0 Thread exited: 0x00000193802d7ae0
Event: 3.628 Thread 0x00000193cbd9c550 Thread added: 0x0000019381a7c440
Event: 4.237 Thread 0x0000019380254270 Thread exited: 0x0000019380254270
Event: 4.307 Thread 0x00000193cbd9c550 Thread added: 0x0000019380cae530
Event: 4.309 Thread 0x0000019380025360 Thread added: 0x0000019381bc2d10
Event: 4.536 Thread 0x00000193cbd9c550 Thread added: 0x0000019381bac560
Event: 4.694 Thread 0x0000019380cae530 Thread added: 0x0000019381ae3630
Event: 4.701 Thread 0x0000019381ae3630 Thread added: 0x0000019381ae4070
Event: 4.958 Thread 0x0000019381bc2d10 Thread exited: 0x0000019381bc2d10
Event: 5.052 Thread 0x0000019381ae3630 Thread added: 0x0000019381bc2d10
Event: 5.178 Thread 0x0000019381ae3630 Thread added: 0x0000019381a8fdc0
Event: 5.260 Thread 0x0000019381a8fdc0 Thread added: 0x0000019381aa2e60
Event: 5.272 Thread 0x0000019381a8fdc0 Thread added: 0x0000019381aa1420
Event: 5.279 Thread 0x0000019381a8fdc0 Thread added: 0x0000019381aa4210
Event: 5.944 Thread 0x00000193800265a0 Thread added: 0x00000193803a5030
Event: 6.403 Thread 0x0000019381a8fdc0 Thread added: 0x0000019381aa3b80
Event: 6.419 Thread 0x0000019381a8fdc0 Thread added: 0x0000019381aa1ab0
Event: 6.501 Thread 0x0000019381a8fdc0 Thread added: 0x0000019381aa2140


Dynamic libraries:
0x00007ff682420000 - 0x00007ff68242e000 	C:\Users\ashish.sharma_infobe\.jdks\corretto-21.0.10\bin\java.exe
0x00007ffccb560000 - 0x00007ffccb7c7000 	C:\WINDOWS\SYSTEM32\ntdll.dll
0x00007ffcc9560000 - 0x00007ffcc9629000 	C:\WINDOWS\System32\KERNEL32.DLL
0x00007ffcc8e40000 - 0x00007ffcc922f000 	C:\WINDOWS\System32\KERNELBASE.dll
0x00007ffcc8950000 - 0x00007ffcc8a9b000 	C:\WINDOWS\System32\ucrtbase.dll
0x00007ffca6e70000 - 0x00007ffca6e8e000 	C:\Users\ashish.sharma_infobe\.jdks\corretto-21.0.10\bin\VCRUNTIME140.dll
0x00007ffcb56b0000 - 0x00007ffcb56c8000 	C:\Users\ashish.sharma_infobe\.jdks\corretto-21.0.10\bin\jli.dll
0x00007ffccaf60000 - 0x00007ffccb125000 	C:\WINDOWS\System32\USER32.dll
0x00007ffcc87e0000 - 0x00007ffcc8807000 	C:\WINDOWS\System32\win32u.dll
0x00007ffccb4f0000 - 0x00007ffccb51b000 	C:\WINDOWS\System32\GDI32.dll
0x00007ffcc86b0000 - 0x00007ffcc87dc000 	C:\WINDOWS\System32\gdi32full.dll
0x00007ffcc8aa0000 - 0x00007ffcc8b43000 	C:\WINDOWS\System32\msvcp_win.dll
0x00007ffcc7ab0000 - 0x00007ffcc7d43000 	C:\WINDOWS\WinSxS\amd64_microsoft.windows.common-controls_6595b64144ccf1df_6.0.26100.7309_none_3e05feeae336a044\COMCTL32.dll
0x00007ffcca7c0000 - 0x00007ffcca869000 	C:\WINDOWS\System32\msvcrt.dll
0x00007ffcc9510000 - 0x00007ffcc9541000 	C:\WINDOWS\System32\IMM32.DLL
0x00007ffcb7ff0000 - 0x00007ffcb7ffc000 	C:\Users\ashish.sharma_infobe\.jdks\corretto-21.0.10\bin\vcruntime140_1.dll
0x00007ffca5c70000 - 0x00007ffca5cf9000 	C:\Users\ashish.sharma_infobe\.jdks\corretto-21.0.10\bin\msvcp140.dll
0x00007ffc14370000 - 0x00007ffc15118000 	C:\Users\ashish.sharma_infobe\.jdks\corretto-21.0.10\bin\server\jvm.dll
0x00007ffcc93f0000 - 0x00007ffcc94a4000 	C:\WINDOWS\System32\ADVAPI32.dll
0x00007ffcc9d90000 - 0x00007ffcc9e36000 	C:\WINDOWS\System32\sechost.dll
0x00007ffccb1f0000 - 0x00007ffccb308000 	C:\WINDOWS\System32\RPCRT4.dll
0x00007ffcca870000 - 0x00007ffcca8e4000 	C:\WINDOWS\System32\WS2_32.dll
0x00007ffcbf200000 - 0x00007ffcbf235000 	C:\WINDOWS\SYSTEM32\WINMM.dll
0x00007ffcc8510000 - 0x00007ffcc856e000 	C:\WINDOWS\SYSTEM32\POWRPROF.dll
0x00007ffcb8360000 - 0x00007ffcb836b000 	C:\WINDOWS\SYSTEM32\VERSION.dll
0x00007ffcc84f0000 - 0x00007ffcc8504000 	C:\WINDOWS\SYSTEM32\UMPDC.dll
0x00007ffcc6af0000 - 0x00007ffcc6b0b000 	C:\WINDOWS\SYSTEM32\kernel.appcore.dll
0x00007ffca9860000 - 0x00007ffca986a000 	C:\Users\ashish.sharma_infobe\.jdks\corretto-21.0.10\bin\jimage.dll
0x00007ffcc7e60000 - 0x00007ffcc80a2000 	C:\WINDOWS\SYSTEM32\DBGHELP.DLL
0x00007ffcca980000 - 0x00007ffccad06000 	C:\WINDOWS\System32\combase.dll
0x00007ffccae80000 - 0x00007ffccaf56000 	C:\WINDOWS\System32\OLEAUT32.dll
0x00007ffcc7d50000 - 0x00007ffcc7d8c000 	C:\WINDOWS\SYSTEM32\dbgcore.DLL
0x00007ffcc8810000 - 0x00007ffcc88b5000 	C:\WINDOWS\System32\bcryptPrimitives.dll
0x00007ffca8930000 - 0x00007ffca8940000 	C:\Users\ashish.sharma_infobe\.jdks\corretto-21.0.10\bin\instrument.dll
0x00007ffca6e40000 - 0x00007ffca6e61000 	C:\Users\ashish.sharma_infobe\.jdks\corretto-21.0.10\bin\java.dll
0x00007ffcc9630000 - 0x00007ffcc9d83000 	C:\WINDOWS\System32\SHELL32.dll
0x00007ffcc8b50000 - 0x00007ffcc8cba000 	C:\WINDOWS\System32\wintypes.dll
0x00007ffcc5940000 - 0x00007ffcc619e000 	C:\WINDOWS\SYSTEM32\windows.storage.dll
0x00007ffccb310000 - 0x00007ffccb405000 	C:\WINDOWS\System32\SHCORE.dll
0x00007ffcc9380000 - 0x00007ffcc93e6000 	C:\WINDOWS\System32\shlwapi.dll
0x00007ffcc85d0000 - 0x00007ffcc85f9000 	C:\WINDOWS\SYSTEM32\profapi.dll
0x00007ffca11d0000 - 0x00007ffca12a7000 	C:\Users\ashish.sharma_infobe\.jdks\corretto-21.0.10\bin\jsvml.dll
0x00007ffca5b80000 - 0x00007ffca5b98000 	C:\Users\ashish.sharma_infobe\.jdks\corretto-21.0.10\bin\zip.dll
0x00007ffca52f0000 - 0x00007ffca5301000 	C:\Users\ashish.sharma_infobe\.jdks\corretto-21.0.10\bin\net.dll
0x00007ffcb87a0000 - 0x00007ffcb88c8000 	C:\WINDOWS\SYSTEM32\WINHTTP.dll
0x00007ffcc7000000 - 0x00007ffcc706b000 	C:\WINDOWS\system32\mswsock.dll
0x00007ffca52d0000 - 0x00007ffca52e6000 	C:\Users\ashish.sharma_infobe\.jdks\corretto-21.0.10\bin\nio.dll
0x00007ffca7db0000 - 0x00007ffca7dc0000 	C:\Users\ashish.sharma_infobe\.jdks\corretto-21.0.10\bin\verify.dll
0x00007ffcb56d0000 - 0x00007ffcb56f7000 	C:\Users\ashish.sharma_infobe\.gradle\native\1def1411415f61bf3af743bc5b6707747c0891f09f0c88961ee8f79bc544acac\windows-amd64\native-platform.dll
0x00007ffca4a10000 - 0x00007ffca4a88000 	C:\Users\ashish.sharma_infobe\.gradle\native\0.2.7\x86_64-windows-gnu\gradle-fileevents.dll
0x00007ffca7c40000 - 0x00007ffca7c4a000 	C:\Users\ashish.sharma_infobe\.jdks\corretto-21.0.10\bin\management.dll
0x00007ffca6e30000 - 0x00007ffca6e3c000 	C:\Users\ashish.sharma_infobe\.jdks\corretto-21.0.10\bin\management_ext.dll
0x00007ffcca6b0000 - 0x00007ffcca6b8000 	C:\WINDOWS\System32\PSAPI.DLL
0x00007ffcc64e0000 - 0x00007ffcc6514000 	C:\WINDOWS\SYSTEM32\IPHLPAPI.DLL
0x00007ffcc9550000 - 0x00007ffcc955a000 	C:\WINDOWS\System32\NSI.dll
0x00007ffca68f0000 - 0x00007ffca68f9000 	C:\Users\ashish.sharma_infobe\.jdks\corretto-21.0.10\bin\extnet.dll
0x00007ffcc81d0000 - 0x00007ffcc81eb000 	C:\WINDOWS\SYSTEM32\CRYPTSP.dll
0x00007ffcc74b0000 - 0x00007ffcc74ea000 	C:\WINDOWS\system32\rsaenh.dll
0x00007ffcc7070000 - 0x00007ffcc709b000 	C:\WINDOWS\SYSTEM32\USERENV.dll
0x00007ffcc85a0000 - 0x00007ffcc85ca000 	C:\WINDOWS\SYSTEM32\bcrypt.dll
0x00007ffcc74a0000 - 0x00007ffcc74ac000 	C:\WINDOWS\SYSTEM32\CRYPTBASE.dll
0x00007ffca5b70000 - 0x00007ffca5b7e000 	C:\Users\ashish.sharma_infobe\.jdks\corretto-21.0.10\bin\sunmscapi.dll
0x00007ffcc8cc0000 - 0x00007ffcc8e37000 	C:\WINDOWS\System32\CRYPT32.dll
0x00007ffcc7730000 - 0x00007ffcc7760000 	C:\WINDOWS\SYSTEM32\ncrypt.dll
0x00007ffcc76e0000 - 0x00007ffcc771f000 	C:\WINDOWS\SYSTEM32\NTASN1.dll
0x00007ffca0f30000 - 0x00007ffca0f38000 	C:\WINDOWS\system32\wshunix.dll

JVMTI agents:
C:\Users\ashish.sharma_infobe\.gradle\wrapper\dists\gradle-8.14.4-bin\92wwslzcyst3phie3o264zltu\gradle-8.14.4\lib\agents\gradle-instrumentation-agent-8.14.4.jar path:C:\Users\ashish.sharma_infobe\.jdks\corretto-21.0.10\bin\instrument.dll, loaded, initialized, instrumentlib options:none

dbghelp: loaded successfully - version: 4.0.5 - missing functions: none
symbol engine: initialized successfully - sym options: 0x614 - pdb path: .;C:\Users\ashish.sharma_infobe\.jdks\corretto-21.0.10\bin;C:\WINDOWS\SYSTEM32;C:\WINDOWS\WinSxS\amd64_microsoft.windows.common-controls_6595b64144ccf1df_6.0.26100.7309_none_3e05feeae336a044;C:\Users\ashish.sharma_infobe\.jdks\corretto-21.0.10\bin\server;C:\Users\ashish.sharma_infobe\.gradle\native\1def1411415f61bf3af743bc5b6707747c0891f09f0c88961ee8f79bc544acac\windows-amd64;C:\Users\ashish.sharma_infobe\.gradle\native\0.2.7\x86_64-windows-gnu

VM Arguments:
jvm_args: --add-opens=java.base/java.lang=ALL-UNNAMED --add-opens=java.base/java.lang.invoke=ALL-UNNAMED --add-opens=java.base/java.util=ALL-UNNAMED --add-opens=java.prefs/java.util.prefs=ALL-UNNAMED --add-exports=jdk.compiler/com.sun.tools.javac.api=ALL-UNNAMED --add-exports=jdk.compiler/com.sun.tools.javac.util=ALL-UNNAMED --add-opens=java.base/java.util=ALL-UNNAMED --add-opens=java.prefs/java.util.prefs=ALL-UNNAMED --add-opens=java.base/java.nio.charset=ALL-UNNAMED --add-opens=java.base/java.net=ALL-UNNAMED --add-opens=java.base/java.util.concurrent.atomic=ALL-UNNAMED --add-opens=java.xml/javax.xml.namespace=ALL-UNNAMED -XX:MaxMetaspaceSize=384m -XX:+HeapDumpOnOutOfMemoryError -Xms256m -Xmx512m -Dfile.encoding=UTF-8 -Duser.country=US -Duser.language=en -Duser.variant -javaagent:C:\Users\ashish.sharma_infobe\.gradle\wrapper\dists\gradle-8.14.4-bin\92wwslzcyst3phie3o264zltu\gradle-8.14.4\lib\agents\gradle-instrumentation-agent-8.14.4.jar 
java_command: org.gradle.launcher.daemon.bootstrap.GradleDaemon 8.14.4
java_class_path (initial): C:\Users\ashish.sharma_infobe\.gradle\wrapper\dists\gradle-8.14.4-bin\92wwslzcyst3phie3o264zltu\gradle-8.14.4\lib\gradle-daemon-main-8.14.4.jar
Launcher Type: SUN_STANDARD

[Global flags]
     intx CICompilerCount                          = 4                                         {product} {ergonomic}
   size_t CompressedClassSpaceSize                 = 335544320                                 {product} {ergonomic}
     uint ConcGCThreads                            = 2                                         {product} {ergonomic}
     uint G1ConcRefinementThreads                  = 8                                         {product} {ergonomic}
   size_t G1HeapRegionSize                         = 1048576                                   {product} {ergonomic}
    uintx GCDrainStackTargetSize                   = 64                                        {product} {ergonomic}
     bool HeapDumpOnOutOfMemoryError               = true                                   {manageable} {command line}
   size_t InitialHeapSize                          = 268435456                                 {product} {command line}
   size_t MarkStackSize                            = 4194304                                   {product} {ergonomic}
   size_t MaxHeapSize                              = 536870912                                 {product} {command line}
   size_t MaxMetaspaceSize                         = 402653184                                 {product} {command line}
   size_t MaxNewSize                               = 321912832                                 {product} {ergonomic}
   size_t MinHeapDeltaBytes                        = 1048576                                   {product} {ergonomic}
   size_t MinHeapSize                              = 268435456                                 {product} {command line}
    uintx NonNMethodCodeHeapSize                   = 5839372                                {pd product} {ergonomic}
    uintx NonProfiledCodeHeapSize                  = 122909434                              {pd product} {ergonomic}
    uintx ProfiledCodeHeapSize                     = 122909434                              {pd product} {ergonomic}
    uintx ReservedCodeCacheSize                    = 251658240                              {pd product} {ergonomic}
     bool SegmentedCodeCache                       = true                                      {product} {ergonomic}
   size_t SoftMaxHeapSize                          = 536870912                              {manageable} {ergonomic}
     bool UseCompressedOops                        = true                           {product lp64_product} {ergonomic}
     bool UseG1GC                                  = true                                      {product} {ergonomic}
     bool UseLargePagesIndividualAllocation        = false                                  {pd product} {ergonomic}

Logging:
Log output configuration:
 #0: stdout all=warning uptime,level,tags foldmultilines=false
 #1: stderr all=off uptime,level,tags foldmultilines=false

Release file:
IMPLEMENTOR="Amazon.com Inc." 
IMPLEMENTOR_VERSION="Corretto-21.0.10.7.1" 
JAVA_RUNTIME_VERSION="21.0.10+7-LTS" 
JAVA_VERSION="21.0.10" 
JAVA_VERSION_DATE="2026-01-20" 
LIBC="default" 
MODULES="java.base java.compiler java.datatransfer java.xml java.prefs java.desktop java.instrument java.logging java.management java.security.sasl java.naming java.rmi java.management.rmi java.net.http java.scripting java.security.jgss java.transaction.xa java.sql java.sql.rowset java.xml.crypto java.se java.smartcardio jdk.accessibility jdk.internal.jvmstat jdk.attach jdk.charsets jdk.internal.opt jdk.zipfs jdk.compiler jdk.crypto.ec jdk.crypto.cryptoki jdk.crypto.mscapi jdk.dynalink jdk.internal.ed jdk.editpad jdk.hotspot.agent jdk.httpserver jdk.incubator.vector jdk.internal.le jdk.internal.vm.ci jdk.internal.vm.compiler jdk.internal.vm.compiler.management jdk.jartool jdk.javadoc jdk.jcmd jdk.management jdk.management.agent jdk.jconsole jdk.jdeps jdk.jdwp.agent jdk.jdi jdk.jfr jdk.jlink jdk.jpackage jdk.jshell jdk.jsobject jdk.jstatd jdk.localedata jdk.management.jfr jdk.naming.dns jdk.naming.rmi jdk.net jdk.nio.mapmode jdk.random jdk.sctp jdk.security.auth jdk.security.jgss jdk.unsupported jdk.unsupported.desktop jdk.xml.dom" 
OS_ARCH="x86_64" 
OS_NAME="Windows" 
SOURCE="" 

Environment Variables:
PATH=C:\Program Files (x86)\Common Files\Oracle\Java\java8path;C:\Program Files (x86)\Common Files\Oracle\Java\javapath;C:\WINDOWS\system32;C:\WINDOWS;C:\WINDOWS\System32\Wbem;C:\WINDOWS\System32\WindowsPowerShell\v1.0\;C:\WINDOWS\System32\OpenSSH\;C:\Program Files\Microsoft VS Code\bin;C:\Program Files\nodejs\;C:\Program Files\Git\cmd;C:\Program Files\Docker\Docker\resources\bin;C:\Users\ashish.sharma_infobe\AppData\Local\Microsoft\WindowsApps;C:\Program Files\JetBrains\IntelliJ IDEA Community Edition 2025.2.6.1\bin;C:\Users\ashish.sharma_infobe\AppData\Roaming\npm
USERNAME=ashish.sharma_infobe
OS=Windows_NT
PROCESSOR_IDENTIFIER=Intel64 Family 6 Model 140 Stepping 1, GenuineIntel
TMP=C:\Users\ASHISH~1.SHA\AppData\Local\Temp
TEMP=C:\Users\ASHISH~1.SHA\AppData\Local\Temp




Periodic native trim disabled

---------------  S Y S T E M  ---------------

OS:
 Windows 11 , 64 bit Build 26100 (10.0.26100.7623)
OS uptime: 0 days 1:17 hours
Hyper-V role detected

CPU: total 8 (initial active 8) (4 cores per cpu, 2 threads per core) family 6 model 140 stepping 1 microcode 0x9a, cx8, cmov, fxsr, ht, mmx, 3dnowpref, sse, sse2, sse3, ssse3, sse4.1, sse4.2, popcnt, lzcnt, tsc, tscinvbit, avx, avx2, aes, erms, clmul, bmi1, bmi2, adx, avx512f, avx512dq, avx512cd, avx512bw, avx512vl, sha, fma, vzeroupper, avx512_vpopcntdq, avx512_vpclmulqdq, avx512_vaes, avx512_vnni, clflush, clflushopt, clwb, avx512_vbmi2, avx512_vbmi, hv, rdtscp, rdpid, fsrm, gfni, avx512_bitalg, f16c, cet_ibt, cet_ss, avx512_ifma
Processor Information for processor 0
  Max Mhz: 2995, Current Mhz: 998, Mhz Limit: 2995
Processor Information for processor 1
  Max Mhz: 2995, Current Mhz: 998, Mhz Limit: 2995
Processor Information for processor 2
  Max Mhz: 2995, Current Mhz: 998, Mhz Limit: 2995
Processor Information for processor 3
  Max Mhz: 2995, Current Mhz: 998, Mhz Limit: 2995
Processor Information for processor 4
  Max Mhz: 2995, Current Mhz: 998, Mhz Limit: 2995
Processor Information for processor 5
  Max Mhz: 2995, Current Mhz: 998, Mhz Limit: 2995
Processor Information for processor 6
  Max Mhz: 2995, Current Mhz: 2995, Mhz Limit: 2995
Processor Information for processor 7
  Max Mhz: 2995, Current Mhz: 2995, Mhz Limit: 2995

Memory: 4k page, system-wide physical 32448M (19673M free)
TotalPageFile size 34496M (AvailPageFile size 20227M)
current process WorkingSet (physical memory assigned to process): 226M, peak: 226M
current process commit charge ("private bytes"): 410M, peak: 410M

vm_info: OpenJDK 64-Bit Server VM (21.0.10+7-LTS) for windows-amd64 JRE (21.0.10+7-LTS), built on 2026-01-15T22:13:46Z by "Administrator" with MS VC++ 17.14 (VS2022)

END.
